1.3964188
-1.0000246
-0.99992734
-1.1081013
0.97757889
-1.0000089
1.0000654
1.3355397
1.0491095
-0.99981224
1.6163492
-1.000091
1.3996674
1.6399786
-1.0000476
1.676728
-0.84338797
0.78867664
-1.000035
0.72632573
-0.99992045
-0.99998063
1.5459869
-0.6976713
-0.99999625
1.6044139
1.6611286
-0.10842617
1.1204591
-1.0000413
0.98705012
1.1991727
-0.9999795
1.4766213
-0.9999033
0.88972851
-0.99995394
0.44371125
-0.99985597
1
-0.99985453
1.3799236
1.2957919
-0.99996331
1.1138445
-1.0000473
0.99991239
0.013292489
-1.0000816
0.84973538
0.99990301
-0.8344833
-1.0000829
1.2328898
0.41520168
0.5565503
-0.99998266
1.0962915
0.059823106
1.6246818
0.15887383
1.6555979
-0.76158695
1.2633553
-0.82687893
1.1103968
-0.99985792
1
-0.99964169
1.1240733
-0.66380319
1.7009338
-0.99996235
-1.0066393
1.4866881
-0.99961802
1.0000288
-0.99952255
1.6469522
-0.99978661
0.44033727
-0.99989375
-0.99973194
0.28122553
-1.0000169
1.5537137
0.64136767
-0.99978731
0.96182206
-0.99995266
-0.86222029
1.4839373
-0.99984935
1.4627836
-0.9999908
-0.99984365
1.0195564
-0.99990157
1.0334249
-1.2138703
1.3357775
-0.99996589
-0.28462328
-0.71714178
1.6497086
-0.2475447
-1.0228026
1.4670129
-0.89078565
1.4399187
-0.99951162
1.6745586
-0.99900095
-1.0327423
-0.51331273
0.9522573
-0.98805197
1.7820382
-0.99994409
1.012453
0.78807079
-0.99992427
-1.0333521
1
1.464929
-1.0000038
0.99999997
-0.93304194
0.99991452
-0.99993331
1.5166522
-0.98439146
1.2615613
-1.0000457
0.96781739
1.0967663
-0.99986613
0.37488366
-1
1.4248193
-0.99991371
-0.99992836
1.2649009
-0.99992738
1.1972267
-0.99988625
-0.99992455
-0.99986016
1.3854091
-1
1.0975142
-0.99973327
0.80657253
-0.99988078
1.1443938
-0.9999467
1.2401264
0.99959974
0.63382757
1.0614952
-0.99994622
1.0123058
-0.99991568
-0.99992418
-1.0000191
1.5099444
1.5636243
0.99986668
-0.16495392
1.6476259
-1
1.7054212
-1.0000089
1.3859083
-1.0066393
0.91832687
-0.99988628
1.1307514
1.0486903
1.7073508
1.8110829
0.98884144
1
1.0449879
1.0227573
0.90291762
0.99952686
1.0785551
1.2619386
1.6837942
1.0004489
1.0237183
1.6953186
1.6099975
0.9048953
1.0315697
0.99999997
1.0565717
0.9999274
-0.41925834
1.2687563
1.0258198
1.7508861
1.5662898
0.99999997
1.6209287
1.5446858
1.4265744
1.0020285
0.92251116
0.97235117
1.1148685
1.5417026
1.6182958
1.3309757
0.88871896
0.63421704
0.99985812
1.1753117
1.0000881
1.3560443
1.0763372
1.1998057
1.0932656
1.4093088
1.7907206
1.6481661
1.459012
1.6603682
1.5200578
1.0667925
1.2382359
1.0000786
1.573264
1.7258247
1.4393998
1.4576507
1.4012833
1.2473982
0.958925
0.64018301
1.0001153
-0.32256488
1.466491
1.8059887
1.3330492
1.8112533
0.74299766
1.5717512
1.6077895
