-1.0005767
-1
-1.1774037
-1.0009795
-1.0525092
-1.0004558
-1.0020959
-0.99994629
-1.2876924
-1.200163
-1.0004824
-0.99974405
-1.2230724
-1.1168835
-1.0005481
-1
-0.84715432
-0.95032427
-0.53441791
-0.83611252
-1.0006479
-1.0007228
-1.0238768
-1.080387
-0.99983719
-1.0007791
-1.0294838
-1.0136366
-0.99983852
-1.0007787
-0.96890286
-0.99977929
-0.99969128
-0.99974674
-1.00077
-1.0214132
-0.60350958
-0.90323435
-1.0928507
-0.99985524
-1.0001862
-1.0904445
-1.0004957
-0.99968295
-1.2034472
-1.1913661
-1.2572113
-1.1357039
-0.99999999
-1
-1.2517201
-1.1367702
-1.1208958
-1.1589965
-1.0910105
-1
-1.0834831
-1.1309656
-1.3776445
-1.2251985
1.0983016
0.90309225
1.000345
1.0130949
1.0003007
0.99999999
0.99988575
0.9995129
0.99979892
1.0842383
1.1858805
1.0002708
1.0003216
1.0092599
1.1016902
1.168669
0.5769604
0.87400505
1.0000361
0.40830605
1.0001312
0.99999356
0.99999977
1.2117169
1.0003242
1.0004004
0.75677015
1.098607
0.72299272
0.91790516
1.0670145
1.0001202
1
1.0004681
1.2057848
1.3470693
0.92959712
1.181851
1.2087644
1
1.0521594
1.1695748
1
1
1.1993078
1.3994928
1.1919628
1.1001434
1.1386934
1.2414448
1.3310524
1.3041027
1.2319065
1.3179691
1.3452389
1.3875332
1.0524733
1.0724787
0.99971226
1.0577982
