0.57561081
1.0005363
0.1041733
0.65931243
-0.4528833
0.77552937
-0.65923005
-0.20320277
-0.93808366
0.14241179
0.11236917
0.60212847
0.36638665
0.18477554
-0.2466516
-0.76368177
0.38231652
1.000449
1.072196
1.0003161
0.77881513
1.0006018
-0.15683493
0.20556915
0.35654698
1.0000033
-0.9876743
0.29148695
1.0005925
1.0005561
0.53984566
0.99992945
0.99955527
1.0409545
-0.99912517
-1.3586937
1.0003466
0.43167101
-0.56156978
-0.66345963
-0.41797569
1.0006729
0.82786211
1.1716178
1.0000242
1.0000716
0.99956952
1.0661477
1.0661477
1.075271
0.54282224
-0.401813
0.69175597
0.30815127
-0.2973064
0.55183865
0.91329173
0.9998897
0.19625004
0.19428537
0.50760492
-0.0043434702
0.99992611
1
0.62551614
1
1.0402349
1.0426475
0.46852746
1.0007039
1.0000403
0.65623569
0.99989943
1.0008092
0.055445605
-0.16355012
0.99987914
1.0969619
1.0004324
0.051643357
0.13217734
-0.14407804
0.42536624
0.1674113
0.25503189
1.0002366
0.90282122
0.91671695
1.000772
0.99989231
0.99985628
0.99965262
0.20713346
1
0.9668158
1.0002323
0.99236481
0.99992535
0.11765796
1
0.24508794
0.060915738
0.1292451
0.13582746
0.99989261
0.96171601
0.99989162
0.15028964
0.99989505
0.99923028
0.14809529
-0.77985615
0.76616962
-0.42880204
-1.0000663
-0.44530041
0.39747715
0.23159994
-0.82939052
-1.0004911
-0.52900368
0.0084968218
0.061939989
-0.025380763
0.093523445
-0.53513552
-0.50757041
0.9152715
-0.99533124
1.0007112
0.77650673
1
0.57362805
0.99983024
0.99991524
0.86463526
0.7165987
0.9657503
0.94995702
-0.57229068
-1.2170357
-0.0012686593
-0.87623529
0.53516567
0.99959854
0.87107998
0.49512862
-0.94628431
-0.038430076
-0.42755799
0.4277515
0.27339186
-0.61160233
0.9997337
0.60389293
-0.12314743
0.82834026
1.0307714
1.0471714
0.30622059
0.73359631
0.25955773
1.2113137
1.0007311
1.0006745
0.99915828
0.99971438
1.0007881
0.85542441
1.0000668
0.99986283
1.3803326
1.046316
0.88185792
0.84512663
1.0005185
0.99957332
-0.30082917
0.20953983
0.12261801
0.18472183
0.4577486
-0.60124829
0.32364668
0.14882304
0.15623129
0.051643357
0.99989024
1.000449
1.0003223
-0.22411248
0.14295321
0.099690892
0.99942842
0.14825203
1.0006952
1
1.0002564
0.99988217
0.99987912
