-1.343765
-0.9205116
-1.4319146
-1.3406832
-1.1950156
-0.99938806
-2.1371446
-1.7112958
-1.3797409
-2.2246194
-1.169001
-1.0275523
-1.1580558
-1.4191556
-1.3126564
-2.0827994
-1.7971245
-1.9555553
-1.0009592
-1.3057924
-1.0427491
-1.6182911
-1.235339
-2.2424483
-0.38759895
-2.3268368
-0.80744384
-1.499549
-1.4974426
-1.8589775
-1.9856877
-1.9309747
-2.0423739
-2.2954935
-1.1204209
-2.3073524
-1.9914907
-2.0364686
-1.0199157
-1.6704799
-2.0664826
-2.2619918
-0.50101567
-0.9636869
-1.3223077
-0.96522357
-1.3590248
-1.1877442
-0.85525164
-1.4407895
-0.89730447
-1.2355073
-1.3568664
-2.5308478
-0.99942126
-1.0000016
-0.86548724
-1.9675298
-1.5168405
-0.82731291
-1.0000004
-1.4020652
-2.2184936
-2.0104085
-2.7170993
-2.6094997
-1.9374577
-1.6954844
-2.2257479
-1.4865379
-0.93068583
-2.4368466
-2.2024077
-1.0312361
-1.0001434
-1.587579
-2.0853076
-2.5887073
0.57038199
-1.2755545
-1.484053
-0.50925645
-1.8904035
-1.1877033
-0.93784103
-0.84447809
-1.83808
-1.3092337
-0.7675889
-1.8545279
-1.4957523
-1.8427858
-1.1582579
-1.4730489
-1.1833762
-1.6873142
-0.43122051
-1.6302399
-1.5827738
-0.9946905
-1.0662718
-0.9049076
-0.72226083
-1.5003531
-1.330024
-1.7107335
-1.0003246
-1.5748357
-2.2433303
-0.712316
-1.6722513
-1.2188993
-1.3806736
-1.0580133
-1.0000002
-1.9601351
-1.0004999
-1.3885645
-2.2024154
-2.6015066
-1.766071
-1.0008184
-2.6168974
-2.4599839
-1.8214864
-1.0924172
-1.9908254
-2.1385324
-1.3241175
-2.0984025
-1.3147933
-0.81107587
-2.2719598
-1.4195991
-2.139682
-1.8520835
-2.0636366
-2.0210027
-1.696222
-1.8639556
-1.7116364
-1.4878331
-1.5607132
-1.0000189
-1.779118
-1.157383
-1.0004282
-0.68244459
-1.6098034
-1.8299083
-1.4792834
-1.0009101
-2.2853717
-1.3002159
-1.6164163
-2.0045727
-1.5306398
-1.9168111
-1.6383794
-1.1401382
-1.202367
-1.3055604
-1.4033745
-1.8743345
-1.4200173
-1.2270706
-2.0113798
-1.6552717
-0.99168072
-2.0013965
-1.098001
-1.623979
-1.7310528
-1.0005371
-0.29445339
-0.84863062
-1.6962339
-1.1755568
-1.3459361
-1.6404924
-1.8488735
-1.6991969
-1.1296559
-1.2693509
-1.1917149
-1.8033591
-1.3190603
-1.3979578
-1.0000006
-1.1349277
-0.54187921
-1.816695
-1.2635068
-1.0002177
-1.6239959
-1.5506892
-1.188053
-1.3040621
-1.8122103
-1.1099722
1.8407242
1.7756694
2.0050314
1.3394153
2.3651451
2.4413856
1.9565829
2.4526019
1.5883905
1.888244
1.3821152
1.4772919
0.84740795
1.3126616
1.5149709
1.15416
1.6105212
0.88334663
2.3723861
2.7280796
1.3862715
1.0817392
0.96214509
2.4042656
1.2515534
1.009458
0.99944528
1.0195131
0.99999918
2.0100374
1.870776
1.4472097
0.13082226
1.2400799
2.0748092
1.0237306
1.3584659
0.70125587
1.1723063
0.64230426
0.79547514
-0.051266596
1.7470223
1.7593711
0.99999961
1.0930114
1.5177741
1.0009344
1.0176356
0.30778267
1.3291307
-0.20686585
1.0000976
1.7248841
1.0072818
1.4815238
1.0109331
0.99905552
1.425334
0.87558185
2.188656
0.99916977
0.99955455
2.1523394
2.1359111
2.0955487
2.936505
2.0858137
2.0605238
0.92774821
2.2212119
0.77446667
0.99934556
2.0342146
1.8614181
2.940481
0.94973699
1.6871356
1.0374499
2.2993141
1.3504783
1.8757063
2.5281678
0.80143908
1.7699556
2.5586713
1.6663249
0.84677019
1.0007948
1.3825275
0.99999981
1.6788074
1.1515985
0.90427148
1.0482576
0.99901294
1.9467441
1.0224844
1.4174092
2.5015179
-0.13989366
2.2973618
0.97056198
2.1599131
1.9473718
1.9106648
0.45620241
1.5345866
1.2793453
2.3563613
0.86968169
2.4368983
1.4385513
2.7962323
2.2365581
1.6847869
1.1673627
2.2240744
1.6404142
2.2787413
1.3027447
1.5957194
1.6376971
0.99999989
2.2944987
-0.3910122
1.1753025
0.99939456
1.3170656
1.4679626
1.0007998
1.0004842
1.0009212
1.8473031
1.9719529
1.4549452
1.6089095
1.3955909
1.5897838
0.99999833
1.8318823
1.2800507
1.8510527
1.5174322
2.3049962
0.99987015
1.8553238
2.476934
1.8807195
1.2176603
1.4730847
1.4399495
1.7009345
1.2820455
1.8223486
2.4853213
2.3051527
2.0226905
2.6927657
1.7844075
0.99113971
2.6974266
1.6377501
1.5822713
1.9950729
1.8947463
1.0001416
2.4680501
1.000056
1.0783353
1.9172427
1.6442422
1.8118504
1.1942796
2.0049595
1.7480963
1.6042922
0.90968786
1.7597867
1.4595607
2.6583488
2.038572
1.000002
1.0003841
3.0966974
1.8848633
2.0410725
1.0322867
0.99978153
1.7182421
1.7075783
1.8825653
1.5450063
2.2820344
1.5853994
1.0543554
1.9087092
1.0161897
1.7853351
1.9427628
