-0.99946529
1.0000298
-0.92568982
1.0000053
1.0001462
-1.00002
1.0007498
-1.0003273
-1.0005804
1.0000208
-0.64868902
-0.92430886
-0.99958566
-1.0003891
0.99941864
-0.86722431
1.0006907
1.0000532
1.0000059
0.99979761
0.99974746
-1.0001754
-0.73443012
1.0004704
0.82941118
-1.0000307
1.0001534
0.81363352
-0.99463421
0.99991872
-0.97048813
-0.99975176
0.99980678
1.0000387
1.0005071
-0.92344843
1.0004304
0.99946741
0.99998444
0.99972926
0.99984271
0.99919304
0.99993702
-0.99913488
0.99993637
0.99979305
0.85314716
-0.99999407
0.85943072
1.0001424
0.99940681
1.000627
0.96981694
-1.0000044
1.0006045
-0.99751103
1.000152
-0.99919098
0.99987818
0.9998733
-0.94529155
0.97097581
0.99966859
0.99925965
0.99978049
0.99998129
-0.99939275
1.000275
0.99908727
-1.0002994
1.0005607
0.98864674
-0.93334917
1.0004075
-1.0003435
0.99706414
1.0004624
1.0000315
-0.99944498
-0.8717559
-1.0008217
0.99951509
-0.99908866
1.0000514
1.0008504
-0.90460405
-1.0002664
1.0003645
-1.000321
1.0000799
-0.99998782
1.000222
-0.99926268
-0.99981544
0.98105314
1.0006337
0.99932778
1.0003816
-1.0000319
1.0003503
0.94985116
-1.0004496
0.78942376
0.99908756
1.0002631
-0.9904631
1.0003124
-1.0003445
0.98430563
0.93270674
-0.99959086
-0.72303575
-0.99995235
-0.78340198
-0.9993562
-1.0005661
0.99997669
-0.99973693
0.99997011
1.0002019
0.999983
-1.0003033
1.0005677
-0.64359638
0.99912711
-1.0001966
-0.99978643
-0.92614004
-1.000137
-0.99913599
-0.99955374
-0.99485134
-0.99996385
-0.99988611
-0.94923863
-0.93086069
-0.99993299
-0.99934038
-0.98746048
1.0000012
-0.99989307
0.93910535
-0.99998008
1.000461
-0.96660937
1.0009704
1.0009024
-0.99948006
0.99998653
-1.0001645
-0.99944896
-1.0006157
0.9997109
-0.9999756
-0.99953897
-1.0006147
-0.99990968
-0.99950725
1.0002591
0.99952099
1.0003106
-0.85087612
0.97017918
0.99967652
0.99972826
-0.99993284
1.0003466
-1.0001265
0.99742248
-1.000092
0.99937801
1.000551
0.9874464
0.99999936
1.0001637
-0.99994998
0.94807973
0.99905206
-1.0005805
0.99929479
-1.0006336
0.91909261
-0.89015607
-0.99997316
0.99957884
1.0004626
1.0004682
0.99923131
-1.0005699
0.97077444
0.89809018
0.99957023
-0.99905917
-0.99933277
-0.99989261
0.9998989
1.0000871
1.0000149
1.0002532
-0.9995596
1.000504
-1.0000127
-0.99992998
0.86955415
-0.95355113
-0.9999801
-0.99920619
1.0002264
1.00001
0.98333326
1.0001385
0.99949914
-1.0003745
1.0000316
-1.0006121
-0.99946956
1.0004895
-0.86050807
-1.0005226
0.99980506
1.0008152
-1.0005246
-1.0004379
-0.99996851
-1
0.99933664
-1.0004997
0.89390148
1.0001277
0.83369648
0.9997677
-0.97353009
-0.97880556
-0.99999616
1.0004497
-0.97950776
1.0006989
0.99979933
-0.99987956
-1.0006176
-0.99996767
0.87897696
-0.99960064
-0.99459837
-0.9999988
1.0008155
0.99927127
1.0000005
0.85837377
-1.0006225
-1.0004161
-0.99966471
-1.0003456
-0.99920876
-0.78368888
0.99947732
-1.0004113
0.99992874
1.0000174
-0.94029742
0.99994782
-0.99475246
-0.99979416
0.9990626
1.0003861
-0.82634029
0.83819536
-0.99949372
-0.99983159
0.99984681
-1.0001722
-0.99923524
1.0000059
1.0000098
-0.90659047
-0.64264971
-1.0000595
-1.0000269
-0.94740136
-0.99996417
0.99983684
-0.81219079
-0.99961631
1.0008444
-0.99953168
0.99997039
0.99517984
1.0000216
-1.0002924
-0.7929578
-1.0008104
1.0003355
-0.99999889
-0.99997401
-0.9991615
-0.99105591
-1.0005858
1.0003177
0.98698201
-0.95581083
0.99813696
-0.96630608
0.99924356
-0.99996663
-1.0008701
-1.0006721
-0.99987912
1.000767
0.99951628
0.99942952
0.74478127
0.99813394
-0.97316468
0.99950983
0.99981533
-0.9990284
0.90587186
-0.65099423
-0.99975249
1.0000013
0.99954834
0.99989332
-1.0000837
-0.94696626
0.99964602
0.99984354
-1.0002346
-1.000784
-1.0004395
-0.99974958
-0.93848918
0.86826288
-0.96587044
-0.77364913
1.000386
0.99999079
-0.99984012
-0.9998561
0.88880484
0.99996719
-0.99944233
-1.0005414
-0.99968126
0.89111914
1.0000127
0.9994692
0.89309425
-0.99043501
-0.99990152
-0.9524006
0.93705945
1.0001897
0.99919415
-0.99961527
-0.99983647
0.99986267
1.0002328
-0.99975805
-1.0000292
0.90047664
0.99960483
-0.99981525
-1.0004711
-0.99983923
-0.78946412
-0.99973156
-1.0003147
1.0002884
1.0000922
-0.99946169
0.9781514
-1.0001316
-0.99983556
-0.99953626
1.0000756
1.0001454
-0.79845407
-0.99912247
1.0008612
-0.99017157
-1.0003241
1.0000192
0.99924599
-0.99975199
1.0001891
1.0007806
1.0002898
-0.8734243
-1.0000479
0.99999024
-1.0000421
-1.0001175
-1.0000475
-0.78087687
-0.99914195
0.99963545
-0.88070888
-1.0005572
1.0004019
1.0000859
-1.0002407
0.90900365
0.99959479
-0.99952591
-0.9992733
0.99938038
1.0002015
0.99908026
0.99988186
1.0000086
-1.0004441
1.0008184
-0.72710442
-1.0004444
0.99945997
-0.99913799
1.0002586
0.96575621
1.0004041
-0.99983455
-1.0004609
-0.94737703
-0.9773388
-1.0002022
-0.99994987
-0.83623653
0.99965668
0.99998066
1.0001357
0.99995401
0.8738723
-0.95312015
-0.90276604
1.0000286
-0.99952401
0.99999595
-0.99969737
-0.999434
0.92468401
0.96577399
0.9846205
0.99410162
0.99997109
1.0005178
-1.0007213
-1.0004162
-1.0002219
-0.99995484
1.0000185
1.0002725
0.94137633
1.0004129
1.0000322
1.0000191
-1.0002174
-1.0000984
1.0004145
1.0003741
-0.88059138
-0.9932954
0.99943231
-0.96606447
0.80822106
-0.95109532
1.0003919
-0.99991282
-0.99990472
0.99980088
-0.91278801
-1.0001292
-0.99962766
-0.99999682
-0.77042715
1.0001219
-0.99958578
-0.79205217
-1.0001783
-0.74778305
-0.99992893
1.0002304
-0.65194649
-1.0008118
-0.95311074
0.99992981
-0.99974267
-0.9587241
-0.99928899
0.98961195
0.9994827
0.99930937
1.0000894
-1.0006091
-1.000139
-0.83883246
0.9765966
-0.91918655
-0.99924065
0.99997056
-0.99996746
-1.000161
1.0001376
0.99995524
-0.73128837
-1.0002772
-1.0001638
-0.9495683
0.99926055
1.0003052
0.99994966
1.0000151
-1.0001087
1.0002357
-1.0005735
-1.0007054
-1.0001855
-1.000179
-0.99996018
1.0008178
1.0001491
-0.8771933
0.99990786
-1.0000774
-0.965293
-0.96148346
-0.99971607
0.99987106
1.0001045
-0.99938957
-0.99904588
-0.95585472
0.99943001
-0.99991003
0.99946437
1.0000348
-0.99959779
0.99947683
-0.98502367
1.0007106
0.99975959
-0.99924458
-0.80813435
-1.0002028
1.0000954
0.9990862
-0.99999493
-0.96662858
0.99959335
0.99909799
0.99942964
-1.0004988
0.92221412
1.0000318
-0.9993685
-0.92341016
0.78164198
-1.0006448
-0.83981129
-0.99929488
-1.000911
0.86967375
-1.0000047
-1.0000954
1.0000405
1.0002235
-0.99973939
0.99992345
0.97329638
1.0000752
1.0002188
0.73557219
0.99941989
-0.99992062
-1.0001265
-1.0007092
-0.95693003
-1.0006418
-0.99946605
1.0002484
-0.99935527
-0.9996427
-0.7728916
-1.0001956
-1.0000906
0.97917165
0.99996787
0.99954229
0.99971464
1.0000315
-1.0005869
0.99975095
0.99935935
-0.99981036
-0.99941141
1.0001146
0.96884841
0.91870643
-1.000355
1.0004055
0.99922361
-1.0001485
-0.85220627
1.0003991
-0.9457829
-1.0004578
1.0004846
1.0000758
0.96287892
-0.92829057
-1.0002233
-0.99991732
0.97888853
-1.000023
0.99984721
0.98727975
-0.9995488
-1.0003175
-0.97307239
0.82162847
-0.92127012
-0.76756704
-0.99965706
0.99961304
-0.99999564
1.0000452
-1.0006263
-1.0005443
1.0000039
-1.0003568
-1.0004496
1.0000218
0.99918253
0.99942235
1.0008322
-1.0003108
-1.0002276
0.99470537
-0.95156479
-0.65099203
1.0003006
1.0001445
-1.0004659
-0.98628146
-1.0004743
-1.0000999
0.99988158
1.0001568
-0.99975381
-1.0001538
0.99982688
-0.98055206
0.99915328
0.90216955
-0.99996529
1.0006875
-0.95240476
1.0001403
0.99994906
-1.0001692
0.88541485
0.93017899
0.99972725
-0.99451558
1.0002556
0.99990648
-0.99986445
-0.99982598
-0.99960548
1.0000028
-1.0001213
-0.99999239
0.99924108
1.0009577
-1.0004441
-1.0000835
-0.99909129
-1.0007951
0.99991397
0.99947134
1.0002358
0.94334714
-1.0001693
-1.0002548
-1.0001781
-1.0001955
1.000087
-0.99943213
-0.99991039
0.99947708
0.99992175
0.78665664
-1.0004886
-0.99984809
1.000699
1.0003801
0.99942014
-0.99909291
-1.0000211
0.99995187
1.0007092
0.94033109
0.99984036
-0.95474812
1.0001522
-0.8639639
1.000607
-0.9099581
0.96295811
1.0005714
-1.0005578
1.000585
-1.0008193
0.97423575
-0.99951349
-1.0000373
0.98905836
-1.0001737
-0.85912305
-0.99979243
0.92085351
0.97727655
1.000007
0.99906028
-0.99982624
0.99979823
-1.0003177
-1.0005347
0.97464424
0.94660278
1.0000999
0.91707992
-0.85793007
-0.99999083
-0.99999892
1.0003259
0.83047867
-1.000418
0.82525975
-1.000731
1.0008574
0.98829687
1.0000109
1.000016
1.0008791
-1.0001463
1.0001089
-0.9991711
0.99977494
-1.0002299
-1.0003912
1.0003253
1.0007802
-0.99978795
-0.99916641
1.0005916
0.99992162
-0.99345553
0.91797818
-0.99993415
0.99960578
1.0006498
0.99912572
-0.99997237
1.000114
0.9998931
0.99997928
-0.99974094
-0.99173226
0.9994032
1.0009331
1.0003117
-1.0005691
0.99993054
-1.000876
-0.99910265
0.99966124
1.0007649
0.91598342
1.0000307
0.99997906
0.98362291
-1.0002185
-0.99985711
0.99933723
1.0006794
-0.84112702
-0.53139626
-1.0001799
1.0000026
-0.8358074
-0.99990456
-1.0000301
0.99993931
0.99924078
0.99982417
0.99996858
-1.0002443
0.99918395
-0.99934849
-0.99924342
-1.0005678
1.0000769
-0.95553102
-0.951207
0.99962606
-0.98328348
-0.99919812
-0.87839424
-0.8895063
1.0002073
-0.99923624
0.9993593
0.90202029
-1.0003428
-0.99974206
-0.9998489
-0.72098123
0.99997453
-0.99982075
1.0001185
-0.99999072
0.99985075
1.0000225
1.0008278
-1.0004625
-1.0000445
-1.0003581
-0.87978241
-1.0004547
-0.87940938
0.99974738
-0.8809591
1.0001107
0.99985739
-0.9990423
-0.99978045
0.94165321
-1.0000127
1.0002696
-0.99976208
0.99974837
0.97286202
0.87796047
-0.91067988
-1.0008596
-0.99947874
0.99925707
-1.0005816
0.99976606
-0.93747382
-0.99997179
0.99974162
-1.0001251
0.89519007
1.0000146
0.92596433
1.0002926
1.0000978
-1.000349
-1.0006105
-1.0006183
0.99987158
-0.9997452
-0.81975008
-0.99938498
0.99965595
-0.99973862
-0.99997914
-1.0004917
1.0000123
0.75402888
-0.99925617
0.96329819
1.0000102
0.65711498
-1.0001414
-1.0004962
-0.99937174
-0.70718063
1.0009116
-0.82341583
-0.99946158
-0.99903487
0.99970994
-1.0000388
1.000342
1.0004432
0.989673
-0.99993801
0.99991353
0.99916608
0.90839571
0.99975733
-1.0006692
-0.99984793
-0.99999027
-1.0003133
-1.0005825
0.90933333
-1.0005794
-0.85247343
-1.0009665
0.99999003
1.0003902
-0.99962485
0.89768654
1.0000365
1.000276
1.0007258
0.99996732
1.0001007
1.0001032
1.0001005
-0.94545127
0.99951228
0.99980626
-0.7735201
0.96075385
-0.99978452
0.9044614
0.82938773
-0.99997892
-1.00072
1.0001435
1.0004611
0.99996488
-0.64280247
0.80616961
-0.99948378
-0.99998948
-0.95347874
-0.99850659
0.8364867
-0.99989124
-1.000356
0.99972838
-1.0003882
-1.0005032
1.0004377
-1.0003495
0.99649818
1.0003607
1.0001038
-1.0003556
0.99977474
-0.99954134
0.95365933
1.0000791
1.0000091
-0.99923516
-1.0007777
0.99957266
1.0004814
-1.0000171
-0.75699482
-1.0001034
-0.95276122
-0.99968097
1.0008933
-0.99627988
0.99015034
1.0005608
0.99955434
-0.99939111
0.99936814
-0.8134873
1.000165
-1.0005451
-0.99934199
-0.57426103
-1.0000588
-1.0008167
-0.99972349
1.000024
1.0002469
0.99429062
1.0006089
0.9999964
-0.99904782
-0.70968583
0.99939855
0.99999056
-0.82053431
-0.99962294
-0.99974605
-0.99930283
1.0004281
1.0005104
0.99991509
-0.76578089
-0.90842516
-0.99928821
-0.99952698
-0.99969183
-0.99985151
0.999849
-0.95310857
-0.90437239
0.99983059
0.99938489
-1.0006672
1.0005072
0.99913863
0.99999335
-0.99937165
0.99965828
-1.0007728
0.98673109
0.91575936
1.0000424
-0.9996321
0.90004744
0.99947515
1.0000302
1.0000012
-0.99946483
-1.0001547
-1.0000169
0.99920944
0.98386066
-0.99913483
0.99923589
-1
1.0009843
1.0004741
0.99935663
-1.0001323
1.0000463
-1.0000245
0.99965371
0.99956249
0.9998256
0.81124113
-1.0000207
1.0002728
1.0006474
-1.0004035
-0.93506119
0.99985287
1.0000059
1.0000286
-0.99996614
-0.99952855
0.99963861
-1.0007531
-0.80677668
-0.9996325
-0.99994951
0.99975655
-1.0002099
-0.91669284
-0.94709309
-1.0005199
-1.0006168
-0.99963962
0.99936063
1.000103
1.0001087
-0.98214625
-0.97588799
0.99947194
-0.94902689
0.7034688
1.0008544
0.99970835
0.96835269
1.0000367
-0.9996987
1.0000078
-0.94954811
0.99936081
-1.0005732
-0.99998037
1.000044
-1.0003657
0.99988805
-0.99903271
-1.0004673
0.99942682
-0.99928704
0.99971649
-0.99979424
1.0000845
1.0004255
1.0000014
-0.99910623
0.90901464
-1.0000046
-1.0008868
0.99908198
-0.99453023
-0.99999068
0.99997689
0.99675296
1.0005896
0.99999825
1.0001419
-0.99984805
-0.99921929
-1.0007897
-1.0003416
0.85947468
-1.0005084
0.9991717
-0.9993836
0.95926468
-1.0000226
0.999976
1.0007516
1.0006927
0.999988
-0.99999968
-0.99999999
-1.0001568
0.9999075
1.0003299
-0.99925984
0.99994413
-0.85748523
0.99904586
0.99983576
0.99994365
-0.99944856
1.0001049
0.99993985
1.0003663
0.99993998
0.99926725
-0.99025332
1.0007759
-1.0001456
-1.0002823
-0.99987204
-0.99963089
0.9464156
0.89078511
1.0001505
-0.99942718
-0.9488633
1.0004423
-1.0001971
0.98439302
1.0005293
-1.000045
0.99957815
0.99930837
0.86179214
-1.0004766
0.97361591
0.99997531
0.96867677
-0.83162453
-0.99999999
-1.0002568
1.0000482
1.0000582
0.99946764
0.99644774
0.99980483
-1.0003702
1.0000219
-1.0000043
-1.0000116
-1.0001565
0.99986834
-0.99945309
-0.96882053
-0.99998557
1.0003707
1.0008878
-1.0001524
1.0000685
-0.98777892
-0.99940496
0.86515245
0.99999552
1.000036
-0.99989061
1.0000103
1.0009186
-1.0007213
1.0000149
-1.0001887
1.0001741
-0.87426239
0.99959741
-1.0001361
-0.99983685
-1.00018
0.97672359
-1.0000632
0.99957729
1.0003011
-0.96691823
0.93828738
0.9999004
-0.99984497
-0.99992701
1.0003271
-0.82564353
0.98383992
-1.0005484
0.99978756
-1.0000151
1.0002448
-0.93784145
0.99966524
0.99997809
1.0009196
-1.0000901
0.89107831
0.99938348
-0.99995654
-1.0005873
-1.0005918
-0.96239991
-0.9861002
1.0001595
-0.9948841
-0.99960784
0.99996468
0.85275857
1.0003939
0.85469988
-0.99982667
1.0000321
-0.97098026
1.0001749
-0.95323421
-0.99993636
-0.95093602
-1.0006053
-0.99973416
1.0006733
1.0001728
-0.99997687
0.99495993
-1.0000252
0.93594954
-1.000626
0.99921691
1.000235
-1.0003056
-0.8248081
-0.99538275
-0.99957649
-1.0000439
-0.99948552
-1.0006801
-0.97540244
-0.96310946
0.87102035
-0.99961859
1.000791
-1.0000268
0.84201848
0.99988723
0.99908354
0.99996384
-0.99979478
0.99955973
0.99942029
1.0008046
0.99926234
-0.99980696
-0.9992168
1.0003997
-0.95360894
0.96386701
0.81304138
0.99999171
0.99982524
1.0001267
1.0000303
-1.0001241
-0.93756045
0.99982194
-1.0006708
0.99955127
-1.0001922
-0.99960827
-0.88895061
1.0007606
1.0002449
-1.0000736
1.000098
1.0002412
0.99943664
1.0000189
-1.0005507
0.99948567
1.0008213
-0.71116816
-0.99259045
0.96733188
0.94727513
0.99967851
-0.94930733
-1.0002924
1.0009034
0.99976468
0.99982209
-0.99993933
1.0001525
-0.99954592
0.91084168
-0.99996795
1.0002918
0.99975212
-1.0000631
-0.80831924
-0.59248208
0.92952844
-1.000517
1.0002089
-0.97501524
-1.0000263
0.9994848
1.0005107
-1.0005021
-0.96272428
-0.99965216
-0.99943105
-0.99998318
-0.74273427
1.0002735
0.99978133
-0.95211549
-0.9998049
0.92839942
-0.99997239
1.0001903
-0.89782901
-1
-0.99996615
1.0005464
1.0000143
1.0000109
0.99951468
1.0000568
0.99941801
-1.0002549
0.999998
0.99798798
0.99943929
-1.0004046
-1.0007517
-1.0001191
1.000329
0.9999497
1.0007438
-0.9994948
0.99996938
-0.99214729
-0.99987187
0.99949357
0.99963286
-1.0003239
-0.99912731
-1.000044
0.99910811
-0.99997201
-0.99945584
0.99827363
-0.69137121
1.0000258
1.0001862
0.90731192
-0.9999689
-0.99997223
-0.75950996
0.99935195
0.99916039
1.0000744
-1.0000885
0.98560416
-1.0001533
-0.86595399
-0.99999191
-1.000765
0.94385336
-1.000947
0.99975976
-0.9993975
-0.96571966
0.93690536
-0.70977659
1.0001574
-0.8660676
0.98184333
-0.99955115
-0.85147851
-0.92244855
0.99990177
0.99992617
-0.84274987
0.90966263
-0.99997631
0.99925614
0.99927339
-1.0005437
-1.0004303
-1.0002856
0.9991433
-1.0000159
-1.000093
-1.0000517
0.99996491
0.99908628
0.98118977
-1.0000896
0.99918231
-0.99943843
-0.80111867
-1.0003792
0.8769188
-0.94146431
1.0000196
-0.98820191
0.89766211
1.0000011
-1.0000729
1.0000622
-0.97632945
1.000369
0.98097683
-0.99981965
0.99984465
1
0.96534268
1.0007035
0.99955439
1.0003606
-0.99997824
-1.0001151
0.99917638
-0.99979507
-0.99947811
-1.0005621
-0.94674043
-0.69791688
-0.9998248
0.79099754
0.94933026
-0.99946473
-1.00044
-0.99990168
-1.0003105
-1.0001696
1.0001089
0.95207998
-0.99947364
-0.75051134
-0.99917896
-1.0000321
1.0001754
0.9999384
-1.0002384
-1.0008397
-0.99976137
1.0004424
-1.0008538
-0.9998162
0.99988877
-0.99975866
0.99938415
0.79539896
-0.84115642
0.99931146
0.99982215
1.0002892
-1.0006362
-1.0000253
-0.94930654
0.99998397
0.99986029
-1.0009524
-0.99998564
-0.86128004
0.9993378
-0.99985645
0.99980617
-1.0000506
0.99984842
-0.96531135
1.0003168
1.0005382
-1.0008601
-1.0002069
-0.84411073
0.87667094
0.91907156
1.0009541
1.0002465
0.83603714
0.86243679
-0.9996225
0.95680602
-0.59248178
1
-1.0009397
-0.76537556
-0.95366585
1.0000194
-0.95912819
-0.9997827
0.94696669
0.99995692
0.97604998
-0.9996085
0.96114723
-0.97938153
1.0005701
-1.0000036
-1.0000771
0.99983344
1.0001278
-0.99993797
0.97667804
0.79815406
0.99995896
0.94013191
-1.0005245
1.0001036
0.91279193
1.0002072
0.99551654
-0.90168523
1.0002471
0.98549626
0.99971227
1.000359
1.0009277
-0.94828924
-0.9999942
-1.0005687
-1.0001635
0.99937353
-0.99978885
-0.99938927
-0.99977303
0.98125268
-0.99932659
1.0002361
0.99943946
0.99972714
1.0007888
-1.0006751
0.99999743
-0.87827199
0.87580399
-0.99976815
1.0001528
0.99999793
-1.0008222
0.99956995
-0.99990533
0.99943547
-0.99998921
0.99945828
-0.99922085
0.87763877
1.0001537
-1.0007144
-0.68604247
-0.93311378
-0.96782415
0.83644577
1.0001559
0.99912936
-0.99968113
-0.9999756
-0.99525245
0.99944663
1.0007537
0.91562722
0.9992987
-1.0003165
-0.97058394
-0.99987655
0.9998436
1.0003251
-0.99903361
0.99959761
0.99982357
-1.000143
0.99958029
0.99995971
-1.0008152
0.99986156
0.99941935
-0.73998279
-0.99905713
1.0002734
-0.9993943
1.0000191
0.93491488
-0.99960919
0.9993105
0.99992103
1.0009578
1.0004103
0.92292273
-0.9996013
-0.99970335
1.0005679
-1.0006728
0.99944107
0.99932362
-1.0007714
-0.99961699
0.9999371
0.99978713
-0.99960509
1.0005127
0.99999674
-1.0006562
-0.99974562
0.99142886
-1.0001525
-0.99986243
-1.0000692
1.0001864
-1.0002494
0.99925136
0.99991207
0.98333239
-1.0006859
-0.9997395
-1.0003601
1.0000347
-1.0005639
0.9998375
-1.0000727
0.9991433
-0.98287565
0.99973504
0.90241825
1.0000317
-0.99983849
0.99996651
1.0005858
1.0006064
-0.97846576
-0.99995318
1.0000073
-0.9997276
1.0003555
0.99537722
1.0000853
1.0000097
0.98545347
-1.0002862
-1.0006258
-0.99997748
1.0001327
0.99963371
-1.0004655
-0.99988915
0.98695108
0.95445377
-1.0002955
-1.0003542
-0.99916146
1.0004697
-0.99995026
-1.0002096
-1.0000027
-1.0002283
1.0000119
0.99940463
-1.000567
-1.0001346
1.000459
1.0002457
1.0005493
0.99944341
1.0000169
1.0009966
-0.9994015
-1.0003629
-0.99978801
0.9626668
0.99140831
1.0005379
0.95325045
-1.0006142
-0.99996434
0.99985834
1.0000675
-0.9999963
-1.0004597
-1.0000663
-0.99966384
-1.0009062
-0.99942623
0.94325557
-0.86335005
-1.0002695
0.83212479
-0.99948476
-0.99889445
1.0004723
0.99988125
1.0001647
-0.99973185
-0.99903849
-0.96531925
-0.91287756
-1.000104
-0.94827113
1.000289
-1.0000936
0.9991977
0.98485507
0.80035067
-1.0001964
-1.0000602
0.99944795
1.000575
0.99956561
-0.90397
1.0008348
-0.99979162
-0.99998611
0.99995602
1.0008194
-0.80569769
1.0003259
-0.99949643
1.0008973
0.82394629
-0.99915882
0.99991486
-0.99934613
-0.96179045
-0.9999899
-0.9993561
-1.0002455
0.96466322
1.0000434
1.0003425
1.0001558
0.91520755
-0.99948725
1.0002125
0.99996813
1.0003657
-0.99985746
1.0004148
1.0005358
-0.72594543
-0.99959088
-1.0004201
-0.99998489
-1.0002919
-1.0003144
1.000794
1.0002586
-1.0006508
-0.9997465
1.0007329
-0.99392579
-1.0001351
-1.0009138
0.74434783
-1.0004966
0.99998373
0.99953645
-0.72607452
-1.0007589
0.9764924
-0.9024323
1.0002285
-1.0001728
-0.99904431
0.85488899
1.0004794
-0.99938353
-1.0006158
0.97855219
-1.0007821
0.99911206
-0.99997948
-1.0008249
0.99913024
1.00049
-0.99928943
0.96877738
-0.9995154
1.0003368
-1.0009546
-0.87631133
-0.99964294
0.97590663
-0.85624268
0.965259
-0.99922975
1.0005038
-0.79738256
-1.000154
0.99970103
1.000639
1.0003798
-0.99986665
0.9994486
-1.0004633
1.0002252
0.99995849
1.0004261
1.0000889
-0.99976785
0.99994543
1.0007659
-0.95214476
0.99991867
1.0006391
-1.0008676
-0.97464404
1.000198
0.99921556
-0.91333898
1.000405
-1.0009325
0.99946928
0.97967702
-1.0002654
0.99966089
-0.99908244
-1.0004699
-0.9996416
-0.9998586
1.0005901
-1.0004738
-0.99997916
-0.99994361
1.0000167
-1.0000055
0.99919844
-0.70622533
1.0000119
-0.99997441
0.99916925
0.97188712
-1.0007545
-1.0004239
-0.99998956
-0.99987529
1.0000525
0.99983839
-0.9592378
-0.99970922
-1.000029
-0.98693882
0.99991748
-1.0004572
0.99989264
1.0001463
0.99937484
-1.0004483
-0.94781684
-1.0002067
1.0002252
0.8869989
-0.99959832
-0.87918646
0.99809591
-0.99993172
-0.95952986
-0.88362056
0.99931641
-0.99924886
0.92780026
0.99914724
-1.000289
1.0005196
-1.0000118
-0.72937313
1.0002636
1.0003728
0.99957034
-0.89021997
1.0001821
-0.99987619
-0.99946293
-1.0000537
0.99907107
1.0000036
-1.0000046
0.99932381
-0.99960659
-0.8170671
-0.85521372
1.0003457
-0.99952449
1.0002592
-0.91192201
-0.95226674
-1.0003251
-0.99959964
1.0001763
-0.99914154
0.96032353
0.99999543
-1.0004221
-1.000145
-1.0000679
-0.98221755
1.0000585
-0.99973367
-1.0003174
1.0002791
-0.99909051
-1.0002758
0.99982942
-0.99982063
-0.99931927
-1.0002394
-0.993365
-0.99932873
-1.000108
-1.0004856
1.000141
-1.0000056
0.99930439
0.93705914
1.0006806
-0.86431383
1.0001755
-0.90318336
-0.96984641
1.0001393
0.99979223
0.97338923
-1.000278
1.0004684
-1.000198
0.97546018
1.0001385
0.99997084
0.99918663
-0.92095136
1.000486
-0.93591904
-0.99998169
-0.99998164
1.000471
0.88696378
-0.99962435
-0.9998192
0.99999513
-1.000116
-0.71066953
-1.0003205
-1.0003495
-0.99996526
-0.99975808
0.99984992
1.000307
0.97903304
-0.99924848
0.99959791
0.99948879
0.94555313
0.7687401
-0.99785312
-0.99996492
0.95741161
1.0005735
-0.96310432
-1.0002359
-0.99967722
0.99984501
-0.99996465
-0.99976097
-0.99505081
0.95316327
-0.87688998
-0.99990951
0.99984606
0.99956061
1.0005284
1.0000864
-0.99996222
0.84550366
0.99999643
-0.99947192
0.99973208
0.95488181
-0.99999035
-0.99973576
-0.91438932
1.0003067
1.0004245
0.99997733
0.86919685
0.91990459
1.0002747
-1.0007543
-1.00055
1.0002547
-1.0009767
1.0002124
-1.0009053
0.74477019
-0.91589044
0.8542218
0.93793388
0.96191523
0.99988676
-0.93586346
0.99934414
-1.0004075
0.99984393
0.93518235
0.98320915
0.97894286
-0.99997654
-1.0001118
-0.9991465
-1.000294
-0.99960775
1.000034
0.99997685
0.99967702
0.9441519
-1.0000898
-1.0003003
-0.84079174
-0.999782
0.99941825
-1.0000292
0.99976021
-0.99983944
1.0000208
1.0006402
1.0000163
-0.55727882
-1.0000159
-1.0002279
0.94962529
-0.93277005
-0.99618042
0.99988223
-0.66434256
-0.9993136
-0.99789086
-1.0000014
-0.99926397
0.99960925
1.0005586
0.99837207
-0.99949934
-0.99971536
0.99966365
-0.99911058
-1.0001507
1.0007186
0.99959077
-0.99995681
1.0000378
0.99930292
-1.0006645
-0.99938151
-0.93586088
-0.99629348
0.99370976
-1.0003767
1.0000157
0.99913389
1.0002599
0.99995149
-1.0000776
-0.99954586
1.0004116
0.97447696
0.99968822
0.99967569
0.99917217
-0.99979945
-0.77577084
0.97853174
1.0006925
-0.87960852
-0.96154729
1.0005431
-1.0003635
1.000155
1.0005144
1.0001267
-0.99988171
-0.84536003
0.99951482
-0.68151437
-0.99952271
1.0007424
0.99961881
0.9569413
0.99988507
-0.99968887
1.0000302
0.99981412
-0.99904604
0.99987648
0.99982132
0.9991713
1.0003892
0.99955098
-1.0000078
0.99959711
0.99989298
1.0001113
-1.000172
-1.0003673
-0.99975562
0.99962799
0.99940157
-0.91870442
0.99919243
1.0007319
-1.000082
-1.0007131
0.75310941
1.0001315
-0.99983724
-1.0001743
1.0000133
-0.99993166
1.0001977
-1.0001443
-0.99998375
1.0005758
-1.0003459
0.97388289
-0.99996805
0.9990626
0.97978804
-0.89417865
-1.0003772
-1.0000938
-0.99643875
0.99960836
1.0003142
0.99573258
1.0000195
0.99948644
0.99985127
1.0000041
0.99966022
0.99974138
0.95675101
-0.91666037
-1.0002282
1.000285
1.0001031
-0.97955951
-1.0005412
-0.99973492
1.0002882
0.99994467
-1.0004015
0.97074962
0.9997918
-0.96242025
-1.0000067
0.9997316
-0.99974626
-0.99907264
-0.99982431
0.93459593
-1.0001095
-0.98156238
0.99995151
-0.99996667
-0.98948415
-1.0005654
1.0001214
-0.9999393
-0.99996023
-1.0001517
0.99990141
0.99934351
-1.0002442
-1.0003531
1.0000334
0.98216641
-0.99943541
-0.74604391
1.0000465
0.99996628
0.82068654
-0.9945775
-1.0002075
0.99968083
0.99987121
1.0000619
1.0003173
-1.0001833
1.0009024
0.99988381
0.9058031
-1.0000283
1.0000232
1.000596
-1.0000451
-1.0002451
-0.97091876
-1.0005902
-1.0005254
0.99973248
-1.0001045
-1.0008051
0.99995852
0.99924165
-1.0006919
-0.99998273
-0.80511725
-0.99986112
0.97869573
1.0000413
-0.73994431
1.0007161
-0.96707949
0.99985491
1.0003089
1.0000179
-1.0002387
0.999866
-1.0001554
-1.0001747
0.9993086
-0.99599948
-0.99995514
-0.65817678
-1.0003358
0.99996396
1.0006309
-0.99928372
-0.99989723
1.0002542
0.9991275
-1.0003318
-0.9998043
1.0002037
1.0009437
-0.99999954
-0.99909468
-0.95873939
0.99942603
1.0003422
-1.0001127
-0.94442573
-0.9850127
-0.99999499
0.96909764
-0.99217463
0.99978392
-1.0001364
0.95932509
-0.99572932
-0.99963348
1.0003788
0.94282936
0.99955586
-1.0004005
0.99937746
1.0000131
-0.95915607
-0.99770032
0.99959071
-0.88627464
-0.99999439
0.99961058
0.99968411
0.83521393
-0.98842965
-1.0007605
-0.81349975
0.99982786
0.98297006
0.99955591
1.0002622
0.86361975
-0.99952971
0.89145557
0.99972567
-0.96973999
1.0007426
-0.99966017
-1.0000439
0.93743966
0.99976662
1.0000198
0.8713589
1.0007977
0.99966394
1.0000393
-0.99954233
-1.0008613
-0.99962199
-0.78578075
-0.94788066
1.0001319
1.0001241
1.0005831
-1.0000276
0.9805554
-1.0000915
0.99986515
0.96493135
-1.0001392
-0.95135749
-1.0001512
1.0006166
1.000159
1.0001191
1.0000444
0.99956872
-0.96107796
0.9999474
-0.99999196
-0.88884134
-1.000111
1.000023
1.0001844
-1.0000689
0.99251916
1.0007984
0.81117256
0.99992317
-0.91019553
-0.9999875
-1.0003717
-0.61051495
1.000315
1.0003622
-1.000151
-0.43896882
-0.99997797
0.9999544
0.99979663
0.999906
-0.94877112
0.83057272
1.0005968
-1.000499
-0.99944611
0.99949109
1.0004016
-0.99966298
1.0007901
-1.0001252
0.99988803
0.901964
1.00003
-0.99980949
0.99923779
-0.86100257
0.79536922
-0.99983737
0.94472074
1.0002987
1.0001542
1.000308
0.91981166
1.0002905
-0.90016052
-1.0004469
0.96069105
0.9997407
1.0002822
-1.0001481
1.0003086
-0.99989655
-1.000701
0.99941917
-0.9991423
0.96455573
1.0009601
1.0005487
-1.0000108
-0.89443533
0.99966173
-0.99914261
0.99967768
-1.000703
-0.99998806
0.99927358
1.0001474
-1.0004177
-0.99995699
1.0001675
1.0004314
0.86962203
-1.0002212
0.99994814
-0.99994625
0.99999149
-0.9991207
-0.95481907
-0.67181016
0.99981061
0.9999986
0.99945614
1.0002057
0.99969259
-1.0006245
0.9915296
-1.0003806
0.99999633
0.99959926
-1.0000026
1.0005022
-0.99981213
-0.99981195
1.0001014
-0.99949764
-0.99956813
-0.63969893
0.99999641
1.0004904
-0.99999417
-1.000878
0.99925749
0.99991043
-1.0005056
-0.94583061
-1.0000736
-1.0000532
0.99982273
0.99931787
-0.99694004
0.99981561
0.99944654
-0.82754117
-0.99997519
0.99968678
1.0007805
-0.92850263
1.0007555
1.0003625
-1.0009442
-0.9110613
-0.96361886
1.0005938
1.0000352
0.99984653
1.0001153
0.98275918
0.99934001
-0.71004489
0.99996361
0.89837632
-0.97293901
0.99995352
0.99998627
-0.63182111
1.0000951
-0.90647123
-0.95707508
-1.0002371
0.99980403
0.99973105
1.0005287
-1.0000904
-0.85696402
0.99955412
1.0001245
-0.99969787
1.0001448
-1.0005884
1.0003591
-1.0000896
0.99997675
-0.99916397
0.99943102
-0.99985895
-0.98302201
-1.0005961
-1.0006863
-1.0008673
-1.0004368
-1.0005495
0.98281781
-0.99949786
1.0001629
0.99957399
0.99986475
0.99858084
1.0002471
1.0003544
-1.0004326
0.99920995
1.000547
-0.99987465
-1.000644
1.000299
0.99966301
0.88335679
0.99984702
-0.94873557
1.000267
1.0008757
0.99983893
0.9912815
0.99977733
0.98197492
1.0000167
-0.99980518
-0.99955336
-1.0000545
0.99984196
-0.91845492
-1.0000966
-1.0000485
1.0000043
1.0000099
1.0005544
-0.99981474
-1.0000377
0.9991513
-0.99999123
0.76073242
0.99982788
0.99999188
0.99986724
-0.79995347
1.0002292
-0.91466608
-0.99950093
-0.96692773
-1.0006573
-1.0005971
0.99915142
-1.0006831
0.95846934
1.0007509
1.0000694
0.90324268
1.0002819
0.85169423
1.0008533
-0.99951386
-0.99993546
0.89373748
-1.0000629
1.000739
-1.0002937
-0.88131437
-1.0008931
0.8445696
1.0002653
-1.0004225
-1.0000223
0.9992989
-1.0002819
-0.99960746
-0.99808787
0.99978799
-0.68342354
-0.99907818
-0.99986488
-0.89963684
-0.94094636
-0.92339136
0.99918019
-0.99919715
0.98845297
-0.96487542
0.88230282
0.99975797
-0.7657088
-1.000454
1.0004894
-0.99967593
1.0001977
0.74520572
-0.99960025
-0.80601339
-0.99917145
0.98370815
0.95355871
0.99966078
-1.0001083
0.99988949
0.81749785
-0.99974417
1.0001838
-1.000032
-1.0008299
-0.99729601
1.0006506
-0.99909705
0.95559293
1.0002033
0.99998269
-0.99961459
0.9993655
-1.0000876
1.0004469
-1.0001974
0.99985367
-0.99942767
1.000062
-0.99986883
-1.0001667
-1.0000858
-0.86913581
-1.000077
-0.99974805
-0.96178674
1.0001899
0.89516263
1.0005795
-0.99949917
-0.9990506
0.99998539
1.0000524
0.99945223
-0.99622414
0.8839342
0.99972624
-1.0006005
-0.8830164
-1.0001404
1.0006141
-0.99363531
-1.0003662
0.82671696
0.9996212
-0.95791974
-1.0002553
0.99993064
0.85847167
-1.0001972
-0.99983253
-0.90484222
1.0000281
-0.99977701
-0.99943493
0.99450115
-0.99998095
1.0001418
0.974535
-0.99950203
-1.0005264
-1.0000014
-1.0008377
-0.99939115
1.0000362
1.000408
0.99933787
1.0005206
-0.99970496
1.0007477
1.0001793
1.000339
0.99995269
-1.0007582
0.74477366
1.0000211
1.0000956
1.0000209
0.99988923
-1.0003727
-1.0008001
1.0006175
-0.89243834
-0.99989756
-1.0000854
-0.73553685
0.94803401
0.83181793
1.0001039
-1.0003796
0.99994585
-1.0002642
0.99997777
-1.0002268
0.99961364
-1.0000847
1.0000357
1.0006464
1.0000325
-0.99921992
0.99996106
1.0008276
-1.0000754
-1.0002767
-0.99999821
-0.98818538
-0.98126605
0.99968403
0.99975679
-1.000671
-0.99987045
-0.76660491
0.95757791
-0.96105845
-0.99985982
0.93040387
0.99919551
-0.99949407
-0.99917038
-0.98538363
0.96610439
-0.99963334
0.99955484
-0.99987464
-0.99955169
0.99921425
-0.99967045
-0.92326326
0.99939397
0.86153834
0.99934974
-1.000174
-1.0003172
-1.0004538
1.0004266
-0.93018142
1.0005237
-0.99952976
-0.99986046
-1.000755
-1.0002134
-0.98558663
-0.8587049
0.99986576
0.85122512
-0.99907523
-1.000286
1.0006128
1.0001144
1.0005453
-1.0003135
1.0006602
-1.0009254
-0.99999328
0.9998482
-1.0004024
-1.0000887
-1.0003202
1.0000415
0.99965679
-1.0002464
0.99979451
0.90710833
0.99964099
1.0001002
0.99972712
-0.69742936
-0.99995515
-0.99974219
-1.000263
0.74841697
1.0000445
-0.999177
0.99997062
1.0004024
-1.0001338
0.84256785
-1.0006397
1.0009853
-0.99983478
1.0001407
0.99946765
1.0000044
1.00084
0.99954914
-0.99981889
0.93598404
0.97120948
-0.81685897
1.0002857
0.89399542
1.0008288
-0.99975641
-0.99952939
-0.99980633
0.99993926
1.0009347
1.0000488
0.93384131
0.99973831
-0.98249086
1.0005426
1.0009218
0.83822601
-0.86246378
0.87110395
0.99943153
0.94937591
-0.99998386
0.95784207
0.95107015
-0.99998025
-0.99913603
-1.0001654
-0.91706857
-1.0000823
1.0005624
-0.99966311
-0.9993979
-0.99985242
0.92745637
-0.99927661
-0.99967534
-1.0001734
-1.0001326
0.9999837
1.0004263
0.99975175
1.0003705
-0.95035749
-0.99993425
-1.0000887
0.96005922
-1.0008053
1.0000298
-1.0001575
0.99929922
-0.99985927
-0.9995161
-0.96710061
0.99999934
1.0000477
0.99939541
0.99226006
1.0002262
1.0000241
1.000947
-1.000589
1.0006566
1.0004293
0.95378188
-1.0004903
-1.0001853
-1.0001125
0.99964191
0.80911394
1.0005382
0.85534217
0.99960387
-0.82787754
-1.0007345
-1.0008166
-1
1.0005441
0.9994245
-1.0002604
-0.984419
-0.99907471
-0.99911945
0.99999873
-0.99977912
1.0001092
-1.0000239
-0.90167132
1.0009589
0.99905531
0.99981652
-1.0005641
1.0000301
1.0007155
-0.97091202
1.0000456
0.96328345
-0.80511418
0.99970245
-0.99976395
-1.0000126
1.0000214
-0.98631875
0.99953402
1.0001799
0.94677805
-0.90908238
-1.0000312
-1.0001119
-0.99995916
0.95651612
1.0008757
0.99931639
-0.95144534
-0.84123584
0.99998223
0.9998795
0.69562161
1.0002153
0.97497043
1.0000366
1.000523
1.000385
-1.0000113
0.99987792
1.0000112
1.0006088
1.0005532
0.99946388
-0.99997623
0.99989029
0.99831109
1.0006422
-1.0000088
-1.0006521
0.99996151
0.99928149
-0.99907258
1.0000554
-0.99944728
0.99974043
-1.0005583
-1.0004764
-1.0001767
1.0000143
0.97589599
0.91802455
1.0006984
0.98951561
-0.99129092
-0.99989059
0.99935097
-0.99998126
1.0002885
-0.95096058
1.0005803
-0.99992171
1.0009526
0.99499289
-1.0000314
-0.99991856
1.0000585
0.97720639
0.83644769
0.99963052
1.0000457
0.99927922
1.0000125
-1.0004309
-0.69716353
1.0001643
-1.0003641
-0.7410159
-1.0003021
0.99979984
-1.0001993
0.84431022
-1.0001585
-0.99991584
1.000129
-1.0002791
1.0004046
0.99972883
-1.0001481
1.0000329
0.94426322
0.99998938
1.0009809
-0.93419752
0.99926696
-1.0006793
-0.99939699
1.0001748
-1.0001479
-0.99996038
0.99996231
0.9810045
-1.0001598
-0.99941304
1.0005397
-0.78121858
-1.0001125
1.0001599
0.99935762
0.99951867
-0.99919401
-0.99970747
-1.0001419
1.0000312
-1.0006019
1.0003075
-0.999876
-0.98603139
-1.0007456
-0.999877
1.000015
1.000787
0.99971893
0.92364563
-0.99991159
-0.99995869
-0.99995159
1.0001162
-0.99994854
-1.000033
-0.99912199
0.99921096
-1.0001357
1.0000917
-0.96191909
-0.99975558
-1.0004327
-0.89659536
0.99932382
-0.99970511
-1.0007958
-1.0000122
-0.99994266
0.9598844
0.75671162
-1.0001833
1.0002589
-0.99999356
0.99926106
-0.99998267
-1.0000688
0.99971595
-0.99958931
-1.0000244
0.98623585
-1.0006207
0.97213105
1.0000496
-0.99999539
-0.7342396
0.96909595
-0.99954938
-0.97120266
1.0002868
1.000014
0.99915836
-0.90018691
0.9999901
-0.9991209
0.99997835
-0.97116821
-0.99966115
0.99977626
-0.96806633
-0.99908328
0.99986557
1.0000977
1.000107
-1.0005735
0.77010241
0.99987287
-1.0007783
-0.99953384
-0.96579593
1.0001414
0.99930286
0.99988455
0.9166166
0.99925997
0.96222964
1.0000568
-1.0006362
-0.9999266
1.000204
-1.0000263
1.0004874
1.0006963
-0.99999922
-0.87335627
-1.0002933
-0.99944225
0.98821917
-0.99985212
-0.56818393
0.9998208
1.0001524
-0.96530237
1.0002864
0.99965882
0.99969373
-1.0001681
0.99933937
1.0003929
-1.0004483
-0.99984491
-0.99978672
1.0002317
-1.0009674
-1.0007307
-0.99998318
0.94068841
0.92653684
0.9994876
0.99968385
0.99930201
-1.0002015
-0.99940697
0.92985935
1.0000704
1.0001143
-0.72921627
0.99986071
1.000201
-1.0001767
-0.9999257
-0.99955685
1.0007839
-1.000454
-1.0000801
0.99965125
-1.000081
1.0006963
1.0000687
1.0006349
-1.0006085
-0.99994075
1.000486
0.99972894
-1.0001625
-1.0001512
1.0008743
0.99921601
-1.0007306
-0.99926965
-1.0005845
-1.0000084
0.98560717
0.93611405
0.80994716
1.0000451
-0.94113782
-0.85038118
0.99990534
1.0001857
-1.0001854
1.0000779
1.0002366
0.99994613
-0.99979014
-0.73465196
-1.0007506
-0.99932828
-0.88659663
0.99962955
-1.0005874
-0.72410737
-1.0000021
0.99951021
0.99977589
-1.0009493
0.99965215
-0.76737647
-0.84112709
1.0000795
0.86180069
0.99973102
1.000367
1.0001645
0.99971752
1.0001412
-0.99942612
0.99914179
-0.99903309
0.99999322
-1.0001616
-0.99958051
-0.70899666
-1.0007279
0.93287505
0.999699
1.0007171
1.0000475
-1.0006774
1.000014
-1.0002534
0.99998859
0.99960232
0.99981226
-0.99945772
1.0001697
-0.97420676
1.0005628
0.91253722
-1.0008924
-1.0004228
0.88193366
-0.8543626
0.99961896
-1.0003345
1.0006457
0.98062446
1.0000152
-1.0000008
-1.0004938
-0.99327338
-0.99998977
0.99987576
-0.89363225
0.92956334
1.000241
-0.67550406
-0.99971956
1.0003382
1.0003704
0.9993502
-1.0000112
0.99971827
-0.88357125
0.9999955
-0.86498106
-0.99968578
1.0000365
-0.92926801
-0.99986564
0.99991499
-0.98132953
0.99972448
-1.0003848
-0.85570245
-1.0000699
-0.9999411
0.99974144
-1.0000363
1.0000226
-0.99952662
-0.99986987
0.9999333
-0.99942826
1.0005994
-1.0000194
0.99982603
0.98678862
1.0000704
1.0000822
-1.0004963
1.0002457
-1.0004342
1.0000497
-0.99974995
-1.000628
-0.99938671
-0.99978114
-0.99982994
-0.73639496
-0.99988693
0.9998578
0.92838825
-1.0001613
0.99992675
1.0003633
0.97525803
-1.0002811
-0.99982159
0.99999488
-1.0000021
-0.99972805
0.84792278
-1.0001691
1.000032
0.99964918
-0.99942303
0.9998366
1.0000099
-0.99966098
1.0002957
1.0000762
0.94157867
-0.99963339
-0.81784481
-0.99976641
0.99999877
0.9999898
-0.91708568
0.9729457
-0.83252286
0.9864678
-0.99944904
0.92617725
-1.0000385
0.94715987
0.99917683
-0.99970017
-0.99994536
-1.0005048
-0.99934962
0.9993653
-0.99964171
-1.0004551
1.0009513
1.0000066
0.99910789
-0.99984142
-0.99435662
0.99998843
0.83359305
-0.99997553
1.0003991
1.0000447
0.99956407
0.99922105
1.0001004
-0.99980817
-0.93928524
1.0004139
-0.9991688
-0.85928828
0.95974186
0.99452208
0.99998006
0.94366266
-0.88812771
-1.0005723
-1.000228
0.99960609
-0.8781514
-1.0000604
0.93737182
0.99999096
0.98469679
-1.0001354
0.99997521
1.0000409
0.99947838
-1.0003526
-0.99997725
-1.0004751
0.9179937
-0.99965631
1.0006185
-0.79294942
-0.80188979
-1.0000439
1.0003919
1.0008595
0.999833
-0.99236626
-1.0001682
0.99993636
0.99998464
-1.0003875
1.0001439
0.75159224
-0.85514999
1.0008187
0.98518716
0.99997272
-0.99098095
0.99987734
-1.0003091
0.81124315
-0.9766421
-0.82436403
-0.99975658
-1.0004911
0.91115559
1.0005331
0.99915029
-0.81979559
-0.99997504
-1.0008978
0.99909695
-0.80184046
1.0001653
1.0003211
1.0000424
0.99973776
1.0002541
0.99954365
1.0000678
0.99953408
0.99984584
1.0006351
0.99981285
0.99944264
0.99998704
1.0000692
-0.99952921
1.000845
-1.0000805
-1.0000353
-0.99987856
1.0002151
0.97836103
1.0001708
1.0004284
-1.0000582
-0.99948088
-0.85803563
-0.93479852
0.99960752
-0.99947809
-0.99999872
0.99987907
-0.99973777
-0.90965468
0.95847511
1.0009734
1.0004579
0.85153294
0.99995717
0.99965112
-0.99985805
0.99967562
-0.99980334
1.0000327
0.99995706
1.0008176
1.000977
0.98861014
1.0000853
1.0000028
-0.99944689
-1.0004063
0.83093759
-0.99998031
-0.999506
0.99996868
0.99971768
-0.99779727
-1.0006666
0.99993489
0.99968346
1.0001711
1.000985
0.99976035
1.000757
0.99985914
-1.0005774
-0.93072986
0.99975829
0.99916877
-0.9547163
-1.000049
0.99234682
-1.0003203
0.99959779
-0.99993865
-0.99983921
1.0000042
-0.9999576
1.0008087
0.99979796
-1.0001895
0.99909618
-0.95544236
0.77119307
-0.96761644
-0.89556211
-1.0000655
-1.0001816
0.99947615
0.99986914
-1.0001203
-1.0006141
-0.99997593
-1.000574
-1.0008553
-1.0001125
0.99997118
-1.0000099
0.99997853
-1.0002197
1.0001735
-1.0001231
-0.9996191
1.0001731
1.0000268
-0.77229875
0.98438771
0.99306356
-0.99969093
1.000648
1.0001421
-0.84102496
1.0002845
-0.99995422
-0.78946411
-0.99998554
0.99976655
0.99980458
-0.90184959
-1.0000472
-1.0005235
-0.99998569
1.0003257
-1.0009428
0.99984249
-0.77265933
0.93915456
1.0001295
-0.99962076
0.96120129
-0.91345188
1.0001718
-0.99955227
0.99927738
0.99789269
-1.0001287
-1.0001067
0.99993195
1.00015
1.0001471
1.0002518
-1.0001576
0.99934629
1.000599
-1.0000475
-1.0003157
1.0000199
-0.99970243
-0.68255743
-0.99918296
1.0000189
-0.99982514
-0.83411783
0.88430566
-0.83127632
0.99989537
1.0002783
-0.85520289
-1.0003075
0.99944472
0.98604189
1.0001689
1.0004143
-0.98244836
-0.90848851
0.99916542
1.0002783
-1.0000021
1.0001235
0.89340869
1.0007139
-0.99961643
1.000016
-0.73859832
1.0002351
1.0000803
-1.0003699
-0.81102158
0.99966897
-0.9054764
0.94485773
-0.99996293
-0.97248431
-0.90371211
-0.9995887
1
1.000206
0.99999172
-0.94825484
-0.93844968
-1.0005184
-0.99992017
-0.99996108
-1.0001721
-0.99994296
1.0001136
0.94541199
1.0002085
-0.90507908
0.95840139
1.0005153
0.9998618
-0.99994123
-1.0007545
-0.9113937
0.99990731
1.0002011
-1.0007165
0.99982204
0.99963073
-0.8330921
1.0000331
1.0001945
-0.99946598
-1.0001879
0.96132781
-0.99998817
-0.99912147
1.0003578
-0.91597095
1.0009779
-0.99937975
0.99999462
-0.97234187
0.9990884
-0.9622656
0.96894595
-0.97367733
0.99982719
-1.0008323
0.90291599
0.90179956
-1.0002612
0.99997229
0.99996829
1.0005231
0.99955464
-0.99908575
0.86421853
0.99975361
-1.0002443
-1.0003706
0.98104231
0.99993151
0.99931178
0.9912688
-1.0000144
0.99944029
-0.99673609
0.99988097
0.999901
-0.84756182
0.99966876
-0.72693717
-0.99984731
-0.99999187
1.0006853
0.98489964
-1.0004048
-0.99952173
0.99990435
-0.95372911
0.99974165
0.99990606
-1.0004924
1.000063
-1.0003323
-1.0005941
-0.99913492
0.99962123
-0.99947869
-0.99936401
-0.94466566
-0.85803555
1.0006775
-1.0002576
-0.90046797
-0.98382687
-1.000142
0.99998292
1.0002938
-1.0000731
-1.0004852
0.99929362
-1.0000711
0.99994968
0.99998505
-0.95502808
-0.99977787
-0.99963882
-1.0002738
1.0003061
0.89257294
-1.0002775
-0.9996259
0.94999704
0.86751624
-0.9996836
0.99952869
-1.0000006
1.0000117
-0.86947917
0.99987536
0.9993138
1.000001
1.0000428
-1.0001344
-0.99980093
-1.0007606
0.99993596
1.0006016
1.0000313
-1.0000057
-0.99965476
0.99819263
0.99157412
-0.99977248
-1.0002074
-1.0003177
1.0003746
-0.99963428
0.99934535
-1.0000198
-1.0004405
1.0001066
0.92756955
-0.99995625
0.9997227
1.0001972
-0.99999875
1.0000057
0.99986593
1.000206
-1.000388
-0.96448144
1.0007547
0.99977351
-0.94513888
0.82026868
-1.0001279
0.94218136
-1.0000413
0.97004554
1.000173
1.0009607
-1.0000316
0.87878352
0.93165364
0.99969129
-0.82483351
-0.99087776
-1.0002527
1.0005408
0.95589026
-1.0000116
1.0002568
-0.91723239
0.99977364
-1.000857
-0.95100229
-0.98112676
1.0001111
0.9990931
0.9997972
1.0003738
0.99978804
0.70455773
-0.99967394
-0.99970644
0.7608316
-1.0003304
1.0009477
-0.99927137
1.0001263
0.99962851
-1.0001707
0.99556607
-0.92536529
1.0002165
1.0000567
1.0000213
-1.0004167
-0.99927201
-0.99903437
1.0000559
0.99937004
0.9992676
0.96960877
0.99957925
-0.99996084
-0.99952466
1.0006181
1.0009625
1.0003734
-1.0005673
1.0004395
0.98903715
-0.99975689
0.99997787
1.0002507
1.0003844
-1.0000098
-1.0005487
0.9994354
1.0004146
1.0004276
1.000099
0.99999143
0.99987766
-0.99978615
1.0000461
0.99966572
0.99996776
-1.0003506
1.0003642
-0.99925823
0.99946152
1.000029
1.000004
1.000825
1.0003386
0.99998114
0.92248171
1.0001605
1.0002081
-1.0008356
0.99983314
-0.99990603
1.0001774
1.000003
-1.0007026
0.99905039
0.93088121
1.0000307
-1.0006027
0.99905243
0.99953486
-0.99946224
-0.89742516
-1.0003115
-1.0000971
0.95434046
0.9999789
0.99973276
-0.99940316
-0.9992749
0.99960689
-0.99173844
0.99992993
1.0000637
-0.99966943
1.0008333
1.0004549
-0.99980619
0.99990936
-0.99993371
0.99998259
-1.0007611
-1.0003637
0.99979893
-1.0005892
-1.0000787
1.0001027
1
-0.99360445
1.0007811
0.99981892
0.94195069
-0.99998376
-1.0000204
-1.0005753
-0.99995997
0.99958828
0.99995556
-1.0003112
1.0000572
0.99982119
-0.99992505
1.0000389
1.0001035
1.0006911
-0.99976187
-0.7937899
-0.8909302
-1.0000031
-0.61367129
1.000278
1.0000859
0.89256214
-1.0004032
-0.99984608
-0.99925283
0.99995067
0.99944726
-1.000206
1.0008162
0.95759456
0.99989565
0.9022098
-1.0005044
-1.0004114
-0.99987062
0.99990827
1.0000242
-1.0000088
-1.0001677
1.0004541
1.0001617
0.99995693
1.0000009
0.92652926
-1.0005617
-1.0005183
1.000056
-1.0001279
0.87023286
0.99906579
-0.99796643
-1.0002916
0.99959224
0.97688851
1.0001684
0.99987641
-1.0003091
1.0005174
-1.0000148
-0.99948591
-0.99988474
0.99981558
0.84464352
-0.99964526
-0.99986326
1.0002296
-1.0003502
1.000658
1.0008479
-0.99942496
-0.99953747
-0.97829531
0.99966508
-1.0005768
1.0001517
0.99917554
-0.95215095
-0.99997876
1.0000399
0.99999278
-0.99681678
0.9999452
-1.0000083
-0.91838193
-0.97619994
1.0002667
-0.84347943
0.95595667
-0.66559756
-0.99974063
0.99192508
0.99963482
0.99987884
-1.0002658
-0.80132823
-0.8269356
-0.99928716
-0.96610923
-0.99922269
1.0000189
-0.84011763
0.99993139
-0.99987244
0.87870374
0.99553375
1.000252
-0.99956848
-0.99917496
0.99958282
0.99965802
-0.99988097
0.9598823
-0.87002615
-0.99957441
-0.84024617
1.0001797
0.92515377
-0.9992837
-1.0002154
1.0002931
-1.0000012
1.0007528
1.0000121
-1.0002079
0.99976303
-0.99959161
-1.0002444
-0.99917671
0.76993772
-0.99985788
-1.0002749
0.96880929
-1.0000605
-0.99962048
-0.99926138
1.0006191
-0.99971853
1.0005197
0.98723458
-0.99967727
-0.59248165
-1.0001119
0.926443
0.99932212
0.95096562
0.99934045
0.99910895
-1.0007834
-1.0002199
-1.0003059
-1.0005417
0.99961295
-0.99964689
0.95230409
-0.99996928
0.97658131
1.0005586
0.99981909
0.99994027
1.0000247
-0.99937663
-1.0001179
-0.97898431
0.96955575
0.99961051
-1.0000148
-1.0000066
0.99982668
-1.0007369
-0.95162375
0.99921968
-1.0001056
0.8256617
-1.0001563
-0.99997911
-0.99941307
0.99981069
1.0005265
0.76928283
0.999997
1.0009391
0.99264082
0.9985964
0.99997251
1.0000846
1.0002221
1.0003134
-0.91892164
-0.99968925
0.98845966
0.99975477
-0.9998095
1.0008317
0.98289663
0.99962049
-0.95577974
-0.99928136
0.99940097
-0.99996474
-0.99954464
-1.0001955
0.99932839
0.99985642
0.87925578
1.0000388
1.0003276
-0.99918218
0.99975606
-0.99995811
-1.000512
0.97712778
-0.99992845
0.99969446
-0.99956492
-0.86762747
-0.99970246
0.96805828
-0.99982125
0.99982523
-1.0003305
1.0006446
1.0007885
-0.83491786
-0.98871347
0.99985299
-0.9999604
-0.93759575
-0.99990155
-0.99918329
-0.90838993
-0.8387823
0.99999995
-1.0003855
0.99990523
-0.93942701
-1.000753
-1.0001011
1.0001659
