1.3835434
0.80023262
1.4427208
-1.3310808
1.4689943
0.80145046
-2.3291153
0.73130226
-3.7969667
1.6966866
0.80173116
-2.0242298
0.051778258
-1.6588843
1.5563378
-2.5947535
1.6828241
-2.3028664
1.9934133
2.7322837
-2.9020036
1.2364642
1.4726964
-0.28465901
0.61060679
0.96465401
1.1095843
-0.29045023
1.7102853
0.99413423
1.31808
-0.14193279
1.1264606
1.2486355
0.022265068
1.1558529
0.38442932
0.19005604
0.16504081
1.5399537
1.0814719
1.075934
-0.75214434
0.21858127
1.1808308
0.33873093
-3.3162853
1.3925047
-1.1956804
-2.1064617
1.5754003
-5.0339471
-2.5096711
-0.19671306
1.2582788
-2.5009977
1.6573018
1.4457444
1.3629108
1.7760374
-4.2690261
-1.4685273
-3.9709977
-0.19426284
1.0118583
0.95954091
-3.4414693
1.5412914
0.98815203
-1.0002652
1.4389096
0.11537264
0.54891234
1.2295181
1.0114715
-0.82293295
0.16225947
0.90344687
0.92888952
0.61413667
1.6001084
0.46707536
0.82722961
1.0524879
1.0942384
1.3054909
0.85178744
1.4122221
0.92189445
1.1598895
1.4173439
1.0711537
0.82740807
1.062274
1.2252026
0.99302936
1.5238793
1.3104823
1.5375703
1.5038853
1.2636948
