-0.97651434
-1.143231
-1.0216848
-0.72202511
-1.1607164
-1.217397
-0.89838749
-1.1159355
-1.0829051
-1.0425995
-0.93260557
-1.1776584
-1.0386677
-0.74984845
-0.76212635
-0.87299488
-1.0409743
-1.0270372
-1.1600441
-1.1292794
-0.98021036
-1.2334094
-0.71954861
-0.985755
-1.1729316
-1.4210167
-1.1878009
-1.0489306
-1.4187348
-1.1745744
-1.1489436
-1.2591989
-0.90481497
-0.99034967
-0.56397552
-0.75314887
-0.40611381
-0.6958631
-0.7078611
-0.8940054
-0.96152163
-1.2188888
-1.3211479
-1.12818
-1.0119688
-0.55736964
-0.7732597
-0.46572218
-0.49301019
-0.62714038
-0.96176078
-1.0959513
-0.83889036
-0.62984026
-0.86783759
-0.93106815
-0.86079619
-1.0484779
-1.0459563
-1.1715011
0.81207863
0.81617775
1.1329336
1.3138891
1.3472008
1.3118251
1.0915335
0.96680181
0.9208484
1.0291618
-0.19188477
1.1471452
0.91374392
0.83325154
1.4458858
1.4536914
1.065995
1.0070755
1.1501785
1.0605078
1.2023223
1.2407969
0.25853922
0.60873579
1.0318239
1.1431956
1.1221459
1.0766126
0.89567844
0.90340298
0.72632924
0.79263335
0.48845796
0.74252253
0.48239475
0.63915991
1.1009619
0.99747174
0.66486111
0.52068489
-0.21126884
0.36284887
0.69052882
0.2552928
0.7313561
0.75009341
0.73154976
0.69145636
0.4413049
0.45875648
0.53204628
0.6890196
0.56331478
0.5012389
0.37827047
0.51239242
0.9125453
0.80504308
0.69953556
0.69071538
