0.97697202
0.59999613
0.77031478
0.5364455
0.80637557
1.154133
0.66098338
0.3747376
0.59669169
0.071490802
0.061092712
0.46989089
0.39509531
-0.085964224
1.1462186
0.29019833
0.28544071
0.50094238
0.83297378
1.1910344
0.26734716
0.94135792
1.5393896
0.69330971
1.1079265
1.1077618
1.1460514
0.61562887
0.85026641
0.55033345
1.2284992
0.29913305
0.86986158
0.50228977
1.0961394
0.40483976
1.6164217
0.72881806
0.73622374
0.86654828
0.90193998
1.5386204
0.51606611
0.71685544
0.92399676
0.36852223
0.32519618
0.074338424
0.47879438
0.77492418
0.77102352
0.94241288
0.43262814
0.67823186
1.3608381
0.44435729
1.1093799
1.0100498
0.90551038
0.8591356
0.92765195
0.80364775
0.70125399
0.14794392
0.77067804
1.2582796
0.28166517
1.0430244
0.41782257
0.40143939
0.88085992
0.40143939
0.7157429
0.71025515
0.36135476
0.9289236
1.1323464
0.09339282
0.84413423
0.88313171
0.34802034
1.1427533
0.66882957
0.11395818
0.60930143
0.99936907
0.67209151
0.03148624
1.0786882
0.40397577
-0.13366991
1.1153854
0.65908591
0.88755927
1.1540804
0.63297961
0.8426645
0.58683479
1.1301215
0.37307923
0.65481684
1.1351285
1.0796095
1.2540972
1.596438
0.57577085
0.83430404
0.86355106
1.0987829
0.48719687
0.6436414
0.089364864
0.57941347
1.2630144
0.93124098
0.83988651
0.99860318
0.92073081
0.10399308
0.90798335
0.88412237
0.9257743
1.0267083
0.69063476
1.5856411
1.5300841
0.95005071
-0.1586431
0.59854747
0.99777425
1.0649998
0.45833285
0.27550755
1.0742089
0.70135253
0.85193954
1.3525088
1.0871776
0.091623475
0.66777365
0.99624802
0.2825084
0.41297553
0.6558773
0.158947
