-0.86945881
-1.1064126
-1.121405
-1.7749466
-0.69269708
-0.73236151
-1.1361709
-1.7697419
-1.6682887
-1.3678332
-1.0868669
-1.0913235
-1.8474389
-1.7531854
-1.5471387
-1.1061864
-1.8047994
-2.3589368
-1.0102856
-1.5998076
-1.5393244
0.0046851891
-1.5250653
-1.1199031
-1.048746
-1.0654319
-0.76123149
-0.89950679
-1.6345203
-0.79042908
-0.9140648
-1.9882613
-1.071295
-1.4777699
-1.3366452
-0.8137473
-0.85245946
-0.54328234
-0.9986895
-1.6210044
-1.9647442
-1.6354949
-0.72827433
-0.33996962
-0.40576586
-1.1848882
-1.2710988
-2.2223234
-0.92332793
-0.69041145
-1.7771778
-1.1751685
-1.4441264
-1.5871558
-1.122733
-2.1055442
-1.9704854
-1.4259164
-1.532689
-1.9287202
-0.57534298
-1.2287964
-1.4108099
-2.0068655
-2.4916821
-1.5670864
-1.3426884
-1.1251687
-1.2795197
-2.395248
-1.6962283
-1.3140531
-1.8565599
-1.2330338
-0.64737208
-1.2202042
-1.2752726
-1.4703699
-2.2104884
-0.43728707
-1.6798078
-0.56953777
-1.3181809
-0.83203784
-1.3013734
-1.6071261
-1.3929447
-0.52502695
-1.7547804
-2.1091507
0.091329918
-1.3856323
-1.0610394
-1.2986271
-1.4653054
-1.2659116
-1.6282777
-0.70137573
-0.2443001
-1.874604
-1.8134388
0.093495072
-0.19403233
-1.3849325
-1.8940774
-0.21600027
-0.27292694
-0.68225854
-1.5344706
-0.75558689
-1.3055016
-0.41417315
-1.9603276
-1.2009685
-0.74016439
-1.2522465
-1.5941442
-1.2562878
-1.7371606
-1.3178549
-1.2766869
-1.3479596
-0.52075755
-0.86335213
-1.3015578
-1.3525421
-1.4079099
-0.87748189
-1.1697178
-1.061363
-1.9713852
-1.7946437
-1.4941725
-1.3914335
-1.6182405
-1.1655347
-0.5593239
-1.2211595
-1.2774382
-0.96703054
-1.0613291
-0.81955987
-1.7900893
-1.5461199
-1.2448833
-1.5972685
-1.0473209
-1.1449794
-1.0465689
-0.9688533
-1.5222474
-1.3199763
-1.2156368
-1.2395673
-1.2178367
-1.2696042
-1.7091887
-1.5890874
-1.2025352
-1.3889601
-1.4465562
-0.78322737
-1.0657415
-1.4033848
-0.76263747
-1.3446772
-1.3284903
-1.1177957
-0.99008067
-1.144846
-0.61184741
-1.9900119
-1.2517738
-1.1575218
-0.66041532
-0.2556809
-2.1825958
-1.1190627
-1.0830835
-1.283108
-1.2337252
-1.723306
-0.96264313
-1.3021021
-0.4434862
-1.480294
-1.0105329
-1.1635488
-0.88481282
-0.59155606
0.90991401
-0.63423276
0.1788235
-1.0856158
-0.99284351
-1.1232949
-1.3818671
-1.2618837
-1.6260038
-1.8409742
0.91062727
1.4242835
1.7902492
2.6696967
2.1983718
1.7992986
1.2673867
2.2593558
1.0532425
0.60328071
1.8967136
0.67121963
2.0617651
1.02154
0.10521469
1.7488708
0.86688645
1.0483684
1.6253592
0.26021224
2.164473
1.8673219
0.58019356
0.97094007
2.0055975
1.6895048
1.390781
1.7004383
0.63903445
0.81944533
1.1651081
1.6942031
1.4820466
1.6417824
2.2656776
1.7594404
2.1285148
1.9457341
1.1097687
0.056835547
0.43475403
1.4752936
0.38369421
0.31834939
0.57591525
-0.14396924
1.8127739
1.5774005
2.5295791
0.54504706
-0.12816948
1.0211414
1.0600339
1.1216421
1.4097795
1.3742887
1.7848392
1.3742743
2.4334643
1.3185562
1.1148835
-0.35935351
1.423983
2.2312058
1.4946666
1.87981
1.2027458
-0.059717044
1.595195
1.9099197
1.0238527
2.357487
1.1219996
0.67318497
0.31165691
2.9536282
1.6334671
1.3373442
0.43626671
1.4181033
2.0224467
2.7689647
1.4711555
0.49516991
0.75167812
1.1514789
2.1046411
1.486931
0.32147446
1.4228545
1.8500005
0.78413417
1.8931436
1.5717887
1.6815578
0.58465067
2.4311857
1.254652
0.28760156
1.0251319
1.4849116
0.98573749
1.1576627
1.5026341
1.653785
0.78087959
0.093342382
0.30529757
0.48789564
0.51137203
1.2725411
1.7220055
1.1333948
-0.30868722
2.2120171
0.97691855
1.3283868
1.5397278
1.0395988
1.6005709
0.71331386
-0.62865589
0.876491
1.1495183
-0.27364218
1.7671779
0.091555915
2.339282
1.8326511
1.3510563
1.7749833
0.18462137
0.23365493
0.7755283
1.2314121
2.0812804
1.530166
1.7940726
1.1746091
1.7265376
0.26577379
0.57856517
2.0376026
1.9217128
1.2061062
1.9385142
1.3508461
0.8333256
2.1131444
2.1163537
1.8351117
0.69713428
0.6432574
1.0374804
1.9571269
1.6947208
2.1037412
1.1763993
1.6736234
2.0321442
-0.1233306
1.9051452
0.26826081
1.4028579
0.61371644
1.9497623
0.32284389
1.4884726
0.90402369
-0.61032535
1.0319755
0.21645398
1.8123122
0.27942096
1.2567302
1.7166029
0.93629691
1.7482239
1.3319026
-0.46386951
1.7675758
1.3561572
0.58130107
1.6007288
1.4631838
0.51052747
1.379524
0.21627787
1.4310822
0.77239744
0.51977196
1.2041363
0.80683499
1.5038914
1.7301679
-0.038814354
1.6459012
0.79756615
0.36068717
0.61162815
