1.0042723
0.99893216
0.94769376
0.99453382
1.0819507
-1.0002841
-1.2046062
1.0008068
0.97487825
1.0023364
1.0002821
1.0014076
-1.0041258
0.98211496
1.0077066
-0.99965286
0.99882707
1.0008336
-0.99475346
1.0085669
1.0187973
-0.99862574
1.04496
-1.1118498
-1.0061792
-1.0087725
-1.0260037
-1.0069126
-1.0046887
-1.0058503
-1.085331
1.032726
-0.99688183
1.0092144
1.025771
1.0054789
-1.0409605
-1.0276101
0.98161041
1.007959
-1.0243663
1.0153761
1.001247
1.0161537
0.97823433
-0.99942558
-1.0002339
1.0226988
1.0297547
-1.0080422
1.0011161
-1.0145378
0.99887636
1.0685445
-1.0021726
-1.0064473
1.0251173
-1.0200322
1.0056586
1.0073669
1.0021852
1.0490366
-0.99981174
1.0107706
0.99609701
1.060024
-0.99947594
0.99970449
1.0021044
0.9949132
-1.1014044
-1.0195404
0.99969964
1.0530027
-1.0066641
1.0393164
-0.97693607
-1.0011899
-1.0394724
1.0157334
1.0053731
1.0139136
1.1233014
0.96576874
-0.99883224
-1.0664068
1.0579604
1.0016035
0.99666839
-1.0986755
0.99844445
1.0053063
-1.1205246
1.0383482
-1.0018875
-1.0084109
1.0048897
-0.99868313
1.0014367
-1.0026066
1.0041062
-1.0154472
1.0906259
1.0110934
-1.027927
-0.98787648
-1.0130376
-0.99991137
1.0920933
1.000535
0.98418498
-1.0015027
0.99861205
-1.0256398
1.0420488
1.0250147
-0.99978589
1.0052023
-1.0013216
-1.0009413
-1.008893
1.0186444
0.98406808
0.99287229
1.0387721
1.0176309
1.0018726
1.0119965
-1.0165131
-1.0012351
-1.0221498
1.0307284
1.0830866
0.99673455
-1.0383223
-1.0247134
1.0391244
-1.0181338
0.99902297
1.0249306
1.019262
-1.0018145
-1.0978984
-1.1406268
1.0260795
1.0153521
1.0073995
1.0006711
1.0629487
0.99901263
1.0437818
-1.0109334
0.99387967
1.0008139
-1.0163762
1.0066541
-0.98645526
-0.98141691
-1.0070462
1.0744302
-1.0197315
-1.0424843
-1.0718992
-1.0006306
1.0355667
1.0394734
0.99297245
-1.0816974
0.99984117
-1.0005253
-1.0727048
-1.0127791
1.0281223
-1.0164718
1.0524246
-1.1255193
-1.0004232
-0.99928968
1.0026271
0.99909819
-1.0468723
-1.0034436
-0.99943468
1.0019433
1.0093509
-1.0017066
1.0160633
-0.99586681
0.9645651
1.0001681
1.0257502
1.0065809
0.97752486
-1.0047759
-1.0250056
-1.0011575
1.0033522
1.0024675
0.99864847
-1.002219
-0.99825839
-1.0031982
1.0061784
1.0004079
1.0086035
-1.045485
1.024701
1.0892919
-1.0641953
0.97084211
1.0013566
1.0002123
0.99885604
1.008807
1.0668425
1.0374805
-1.0130785
0.99444413
0.99847699
-1.0434137
-1.0028584
1.0150536
-0.99950545
1.0003766
0.99472114
1.070713
-1.0120309
1.0004856
0.99933464
1.0029813
0.99906905
1.0156827
-0.93548075
-0.92249236
1.0106256
-1.0261986
-1.1393991
-1.067328
1.0284099
0.99539718
1.0167453
-1.1108015
1.0006212
-1.0080688
1.0257364
-1.0748568
-1.1200218
1.0531476
-1.0021293
1.003592
1.0065151
-1.1493883
-1.0150228
0.96303633
-1.001191
-1.0000429
-1.1163227
1.0131117
1.0367874
1.0231514
-1.0389331
1.0587935
0.99796856
-1.03438
1.0009913
1.0033808
-1.0249934
-0.99980144
1.0151787
-1.0254099
1.102922
1.0556162
0.99091758
-1.0040761
-0.99946029
1.0627341
0.99877711
-1.0219703
1.0432541
-1.0862756
-1.1012852
-1.0009924
-1.1213182
-0.99958039
1.1418809
-1.0049697
1.0220281
-1.0009357
1.1186764
-1.0067105
1.0226473
-1.0515405
-1.0400297
-1.0475195
-1.005801
1.0352022
-1.1101114
1.0021383
-0.99968736
1.0562876
-1.0283019
1.124257
-1.0001945
-1.0079182
1.0075366
1.0022136
-1.0876418
1.0270831
-0.99999354
-1.0312355
-1.0700269
0.99944932
1.0146778
-0.99908204
1.0008499
1.0046257
1.003256
-1.0381767
-1.0008116
-1.0070449
1.0749041
1.0005968
-1.0258609
1.00137
-0.99988704
-1.0092146
-1.1604824
-1.0474764
1.001579
-1.013547
-0.99956863
-1.0039796
1.002192
1.0297098
0.99691943
1.0035123
-1.0002363
1.0467699
1.1362737
0.99981378
-1.0648198
-1.0855367
1.0029148
1.0301851
-1.0287637
1.0061289
-1.115898
0.997951
0.97460688
1.0015567
1.0144221
-1.0111864
1.036813
-1.0412724
1.0980867
1.0050408
-1.0000637
-1.0000568
1.0001413
-1.0368236
1.0491844
1.0447768
1.0291762
-1.0519309
-1.0173505
1.0008692
-1.0000466
1.0883203
1.0419228
-1.0034125
1.0542411
0.99383493
1.0249712
0.97573425
0.9935479
0.99643805
0.98499557
1.0021114
1.0107711
-1.0723551
1.0333922
-0.99844315
1.0151119
-1.0271004
1.0001457
-0.99929329
-1.0256561
-1.0179695
-0.99868956
-0.98704708
1.0817867
-1.0176312
-1.0028322
-0.99820809
-1.0137026
-0.99855883
1.0022745
1.0017591
-1.0010229
-1.018808
-1.0185069
-1.0119319
-1.0024194
1.0081662
-1.131384
1.0027338
-1.001394
1.0185366
-0.95390076
-1.009554
-1.0611118
-1.0021542
-1.0150491
-1.0248121
1.0332592
-1.1218254
1.0038238
-0.99798121
1.0091961
0.99683814
1.0108113
-1.002321
1.0673642
-1.0272708
1.000189
-1.0260512
-1.0034036
1.0047951
-0.99589754
-1.0012219
-1.0093098
-1.0121269
-0.99994156
1.0060725
-1.0402373
-1.0456912
1.0009549
-0.99911883
-1.0966869
-1.0683603
0.99877162
1.0413044
1.0206658
1.0033445
-1.0512378
1.0081311
1.0231967
1.0258322
-1.0787375
-1.0298123
-0.89651602
1.0099668
-1.0044918
1.0002563
0.99790058
-0.98928852
1.0014176
1.0071038
-1.0476135
1.0172728
-0.99867427
1.0156543
0.99167447
1.0006882
-1.0996132
1.0010736
0.99891453
-0.99815401
-1.0090001
-1.0017729
0.99827818
-1.0444884
1.0002242
1.0062169
-1.0105631
-1.0006511
-1.0274016
1.0063809
-0.9699873
1.0008472
-1.0006133
1.0023342
-0.99946151
-1.0599222
0.99938253
1.0011633
-1.000806
0.99747021
0.99848224
1.0099735
1.0052818
-1.0030952
1.0055851
1.0186219
-0.97798826
-1.0105572
1.0531313
1.0399801
-1.0027313
-1.0154812
-0.9983812
-1.00255
-1.0180305
0.99950465
1.0340167
1.0055164
-0.99950142
-0.98236131
1.0013489
-1.0023749
-1.0113878
1.0000344
-1.0006667
-1.0034479
1.0031903
-1.0057595
-1.0055701
-1.0026491
-1.0001324
1.0361954
1.010086
0.99909621
1.0009181
0.99650667
1.0857347
0.99961472
0.99904356
-1.0290293
-1.0059832
-1.0008443
-1.013865
-1.0189823
-1.0006506
-0.99935927
1.0197328
1.0415152
-1.0024115
1.0056228
-1.0035093
0.99893041
-0.96609276
0.99848916
1.0805913
-1.0697426
-1.0188966
-1.0788503
0.99995368
0.963658
1.0026638
-1.0034227
-1.0451455
-1.1685653
-1.0004169
1.0125391
-1.0006216
0.99853893
-0.99934195
-1.0017322
-1.0380241
1.0330522
1.0223284
1.0062896
1.0779998
-0.99801486
-1.0023602
1.0239364
-0.9992772
-1.0856972
0.99561306
-1.003282
1.0238341
-1.1355207
1.0081202
1.0058505
0.9993582
-1.0290058
1.027653
-1.0282751
-1.0338314
-0.99987695
0.99825982
1.0001148
1.0060027
1.0156393
1.001563
-1.0010791
-1.0157634
-0.99069821
-0.99815582
-0.99490053
1.0105138
-1.0161421
1.0017227
0.99888431
-1.0206875
-1.0038915
-0.99884258
-0.99776541
-0.99256219
-0.90267275
1.0016941
-1.0078725
1.0374968
0.99785891
1.1112809
-1.005059
0.9930522
1.0006602
0.99714241
1.0034161
-1.0396827
-1.0135313
1.0279041
-1.0179138
-0.99949872
1.0023547
-1.0004925
-1.0070239
-1.0017283
1.037323
0.99544755
1.0650435
1.0004208
0.99170495
0.99370152
-1.0021204
-0.99927261
-1.0072614
0.9948454
1.0123862
-1.0372307
-1.0045722
0.9995081
1.0503936
-0.99840185
-1.0535595
1.0004917
1.0059111
-1.008214
-1.0576962
1.0312195
1.0042034
-1.002332
-1.0276676
1.0183245
-1.019268
-1.0137542
1.0484767
1.0031715
-1.0237701
-1.0104158
1.0005861
1.0559225
1.0000311
-1.0815
-1.063992
-1.0300909
-0.99896974
-1.1198295
-1.1100694
-1.004849
1.0032634
-1.0001941
1.0020242
-1.0041066
-1.0229281
-1.0053303
1.0584726
1.0242181
1.0253941
-1.0461272
1.0161919
-1.028713
1.0249131
1.0124623
1.0398828
-0.99660053
-1.0147811
1.0061225
1.0159212
1.0012564
1.0015909
-0.94725862
-1.0114778
1.0246677
1.0022668
-1.0033525
1.0358134
1.0101221
1.0174403
-1.0999791
-1.0010547
1.0012104
1.0237541
1.0253447
1.0655594
0.99439056
-1.0008556
-1.0804269
1.0112758
1.0325404
1.0008822
-1.0002191
1.068627
0.99952081
1.0010116
1.0221969
1.0036263
-0.99959769
1.0012321
0.99811388
1.001011
1.004984
1.0037768
0.99905423
-1.0018978
1.0121276
1.0141938
0.98583411
-0.93057652
1.0701581
-0.97668672
-1.0146578
-1.1130516
1.0214905
0.99665954
-1.0322584
1.000715
1.0252867
-1.1118048
1.0022046
-1.0200752
-1.0012494
-0.99881278
0.99999296
-1.0304069
0.9955067
-1.0000906
1.0193151
1.0554157
0.99712824
-1.107336
-1.0757105
-1.0778947
0.99717992
-1.0022228
-1.0170947
0.98916574
1.0046785
-0.99967081
1.0010141
1.0012463
1.0035231
1.0073287
-0.99869456
-0.99462759
-0.98370145
1.009645
-1.0438042
-1.0007316
1.0008356
-1.0480487
1.0022138
1.0085626
-1.0009457
1.0290984
-1.0003779
1.0084097
-0.99965581
-1.1353676
0.99868668
1.036743
-1.0701089
-1.00205
-1.0045013
-1.0041127
-1.0331094
-1.0805121
1.0003776
-1.0039385
-1.0669142
-1.0244202
-0.99871143
-1.0686221
1.0285351
-0.99931863
-0.99870532
0.99388804
-1.0640102
0.99991644
-1.0030695
-1.0104249
-1.0208948
0.98673811
1.003102
1.0757078
-1.0003711
1.0627599
-0.99977728
1.0199443
-1.0682581
-1.0001847
-1.0423368
1.0353493
1.0184848
-0.93984066
0.99816205
-1.0015549
1.0426961
1.0319539
-1.024048
1.0088781
0.99672871
1.0047651
-1.0189867
-1.0661879
0.9989149
-1.0071782
1.0035358
1.0202227
1.0023317
-1.0308985
-0.99480854
-0.99232889
-1.0639329
1.0092239
-0.99927843
1.1033896
1.0010526
1.0081086
-0.99997379
1.0028806
1.0020045
1.00915
0.98108888
-1.009395
1.0202942
1.0246928
-1.0091932
1.0217874
1.0391365
0.99441073
1.0240013
1.0049268
-1.0050281
-0.99956993
1.1190253
-1.0307405
1.017083
-1.0137968
-1.0109613
-0.99884515
-1.0033181
1.0035003
1.0026098
0.99798641
1.0015429
0.99837335
-1.0714858
1.0057123
0.99449757
-0.99665877
1.0108233
-1.0012178
0.99930013
-1.005714
1.0025998
1.00541
-1.1378008
1.0840724
1.0075461
1.0129244
-1.0004078
-0.99674199
-1.0313029
0.99890413
1.0091978
-0.99101327
1.0107039
-1.0065461
-0.98469475
-0.99968185
1.0131316
1.0019784
-1.0011483
1.0000069
1.0056199
-1.0410458
-1.0813853
-1.0120639
1.0026933
1.0424286
-1.0009168
-1.0044365
0.99975261
1.0359236
-1.001908
-0.99937475
-1.0860558
-1.0191972
1.049986
-1.0039833
0.99984485
1.0019442
1.0024103
-1.0231644
1.0032839
-0.99908925
-0.99806824
-0.99971487
1.005632
1.0250317
0.9982525
1.0001996
-1.0000767
-1.0086993
-0.88663027
0.99901905
0.97567881
1.0396747
-1.0324444
1.0132998
0.99982526
-1.037823
1.0062021
1.1230999
1.0142318
1.0019588
0.99950914
-1.0058546
0.99995132
1.0030837
-1.0395318
1.0048538
-1.0288119
1.0015826
1.0012292
-1.021626
0.99992073
-0.99970257
1.0036627
1.0338208
0.99905968
0.99451378
-1.0117761
-1.0097571
1.0417862
-1.0001536
-1.0000605
0.99892993
1.0275077
1.0261607
-0.98543572
-1.002735
0.99955013
-1.0079311
1.0038759
-1.0003929
-1.030412
1.040991
1.0064279
1.00033
-1.0020523
1.0385764
1.0293714
1.001169
1.0008533
1.0340249
1.0034649
0.99893143
-0.99948418
-0.99662135
-1.0001137
-1.0034221
-1.0817766
-0.99893699
1.0001543
1.1631105
0.99945001
-0.99949706
1.0285825
-1.0011417
-0.99992206
1.0414762
0.9983388
-0.99925814
0.99986506
1.0475293
0.98670075
-1.001022
1.0559209
-1.0263716
1.018572
-0.97695399
-1.0026309
1.0306489
1.0556531
-0.99999576
-1.0377371
1.0462707
1.0015985
1.0077009
1.0009415
-1.0015457
1.015785
0.98343265
-0.99868996
-0.99706909
1.0023669
1.004138
1.0091261
1.0010377
1.0057122
0.99788144
0.99577929
-1.0023148
-1.0079996
-1.0953389
1.0049252
0.99977795
-1.0435977
-1.0036677
-1.0044101
1.002403
-1.0674196
1.0061309
-0.99437841
0.98879952
1.0159659
-1.0000765
1.0001114
1.0014902
1.0318712
1.0002312
-1.0170277
0.98342582
1.0141219
-0.99211413
0.97316196
0.99834894
-1.0174417
-1.007289
0.97566795
-1.0443813
-0.99725432
-0.99885715
0.999771
1.0522914
1.0003009
1.0289486
-1.0136126
-1.0009992
1.0019773
-1.0065401
0.99390294
1.0180756
-1.0505715
-0.99976404
1.0034383
-1.0015318
-1.0051129
-0.9994901
-1.0427039
1.0093824
-1.0218759
1.0022287
-1.0125661
-0.99957149
1.0159036
-1.0859726
1.0012396
1.0006461
1.0186782
-1.0197468
-1.0010444
0.9808806
1.0010487
1.0115568
1.0023038
-0.99931958
1.0036545
1.0346205
-1.0026086
0.99796852
1.0969001
1.0337159
1.0473845
1.0039576
0.99571557
0.99565335
0.9029081
1.0168049
1.0908613
1.0027497
-1.0085555
-0.99094554
-0.99417956
-0.99820613
-1.014899
-1.0296303
-1.0008951
1.0020201
-1.1081268
1.1146818
-1.0036919
1.001986
-1.0585472
1.0153052
1.0001509
1.0012719
1.0545462
1.0022176
-1.0095838
1.0376552
-1.0455297
0.99757468
0.99518297
-0.91295525
-1.007539
-1.0054981
-1.0029089
-1.059027
-1.1345803
1.0000476
-1.0118333
-1.0674073
-0.98856551
0.96946698
1.0187026
0.99801647
1.0040615
-0.99994582
1.0010323
1.0339908
1.0282855
-1.000738
-1.0175567
0.97476174
1.0057706
-1.0012973
1.0032575
1.0070336
1.0113903
1.0771214
1.0009009
0.99872616
-0.99905159
0.99817806
1.0024106
-1.0022241
-0.99956316
0.99932931
0.98960062
-0.99839793
-0.99823618
-1.0205083
0.99953499
-0.99700744
1.0243056
1.007646
-1.052078
1.0135205
1.126018
0.99814449
1.0004835
-1.0201325
-1.003624
-1.1003726
-0.98975326
1.0334649
1.0682712
1.0675067
-1.0214341
-1.0198599
1.0522101
1.0027949
-1.0014292
1.0090831
-1.0060189
-0.99999254
-1.0155236
-0.99935762
-0.99999585
1.0214677
1.0040947
-1.0522983
-1.0250627
0.9937243
0.9906229
-0.99872134
1.0020659
1.0370651
-1.1324573
1.0086635
-1.0152314
-1.0057003
-1.0021616
1.0076876
-1.0065707
-1.0063896
1.0157943
1.0405016
-1.0393304
1.0334436
1.0340178
-1.1293285
-1.148721
1.0354538
1.0523289
1.0085184
-1.1115316
1.0492142
1.0005738
-0.99992607
0.9545033
-0.99815412
-1.0269189
0.99962085
-1.0001331
1.0122043
-1.0275351
-1.0263543
-1.0284765
1.005739
-1.000612
-1.0022752
1.0148605
-1.0005328
1.0018266
0.98534097
1.003387
0.99898778
1.0016587
0.99942465
1.0315057
-1.0129156
0.99532247
-0.97093171
0.99956875
1.0028004
1.0072284
-1.0243335
1.0454705
-0.96745476
1.0753579
1.0423367
1.0579974
0.99972978
1.0030673
-0.99947803
0.99811094
-1.0162517
1.0073705
-1.014295
1.0051887
-0.99945488
-1.0083829
-0.99374712
0.99435783
1.032553
-1.0272875
1.0395865
-1.0271415
-0.99784735
-0.99954847
-1.1505035
-1.0005546
-1.0244381
-1.0056359
-1.0016164
-1.0005967
1.0007472
1.0916856
1.0200397
1.0259723
1.0382474
-0.99787179
0.99961341
1.0701074
1.0030151
1.0202371
1.0022645
0.99676685
-1.0240173
-0.99850286
-0.99348744
1.0046915
1.0020053
-1.0623704
-1.0450117
1.0112828
-1.0007384
1.0278222
1.0395138
-0.9958843
1.0448448
0.99764208
0.99811182
1.0563388
-1.0001292
-0.97759121
1.0017436
1.0012484
1.0178646
0.99988725
-1.0572084
1.0452781
1.0377852
0.99339563
1.0119242
-1.180106
0.99982292
1.0024379
-1.0439994
-0.99996988
-1.0221332
1.0025865
-1.026057
1.0074729
1.0016851
1.0510702
-1.0138023
1.0057122
1.0334267
-1.0324074
1.0009582
0.99845108
-0.99976556
0.9977289
-1.0029191
1.0013079
-1.00261
-0.9996764
1.0881354
1.0307877
-1.0006658
-0.90891051
-1.0284883
1.0022598
1.0214682
1.0064719
-0.99999823
1.0170114
1.0027901
0.99860754
0.99910006
-0.99552919
1.0010685
-0.99873708
1.0455101
1.0429992
1.0374995
-1.0546563
-1.0128911
1.0256596
-1.0105198
1.0070251
1.0001956
1.0475594
1.001826
0.99987854
1.0044116
-1.0002878
-0.99974595
-1.1329892
1.0133829
0.96881987
0.99822939
1.0480689
1.0047706
-1.0015028
-1.0005958
0.99935654
1.0011857
-1.0018142
1.053828
1.0034943
1.0179155
1.0003512
-1.1604193
-0.99926842
-1.0168193
-0.99406102
1.0447438
-1.0348186
1.0135997
1.0040463
1.1005479
1.014958
0.99424543
1.0843711
-0.99967058
-1.0045351
1.0010235
1.0114559
-1.0133143
-1.0038389
-0.8751432
-1.0085902
1.0115327
-1.0010803
-1.0003742
-1.0071543
-0.99846341
0.99911415
-0.99775075
-1.0011076
1.008729
1.0006877
0.99635812
0.99983615
-0.99518242
-1.0254305
1.0321516
-1.026854
1.043812
-1.0646711
-1.0021175
-0.97157116
-0.99957654
0.99430063
-1.0902037
1.0000199
0.99921478
-1.0058932
-1.0005065
-1.0752258
-1.0136084
-1.0000397
-1.030688
1.0390607
1.0035427
-1.0033839
0.996054
1.0195429
-1.0179941
1.0015021
-1.0693685
-0.99956082
-1.0247047
1.0033137
-0.9922159
1.0064431
1.0627609
1.0012838
1.0008093
1.0003192
0.99960417
1.0001496
-1.0617937
1.0351611
-1.000075
0.99420245
0.99855035
1.0503396
-0.99986335
1.0870301
-1.0021924
-0.99966453
1.0047088
0.37247731
-1.0048851
-1.0835749
1.0114293
1.0335598
1.00206
-1.0002239
-0.99961632
-1.0139745
-1.0700907
1.0131977
0.99676617
1.0344177
-1.0002446
0.99550839
0.9964111
1.0005251
-0.99605559
0.99789832
1.0015607
1.042569
-0.98546862
1.0023742
1.0053145
1.0176204
-1.0093505
-1.085292
-1.065769
1.0124749
0.98566132
-1.0118438
1.0037926
1.0011613
-1.004956
1.0697155
-1.0027617
-0.99998594
0.99273611
-1.0045595
1.0039344
1.0022455
-1.0069133
1.0036354
1.0725553
-1.0010158
1.0343177
-1.1340837
-0.99950549
-1.0159017
-0.99766726
1.074928
0.99304083
-0.98990592
1.0022363
-1.0101444
0.99704153
0.99921906
-1.0507963
-1.0106333
1.0063167
1.0099728
-1.095891
0.99567595
1.078262
-1.0118246
0.97483356
1.0042916
1.0005164
1.0320242
-1.0003699
1.0000495
-1.1283997
-1.0017407
0.98848918
1.0386377
-0.98754239
1.0288634
1.0008179
1.0121287
0.98618101
-1.0331127
-1.0884495
1.0127594
-0.99985614
-0.98672177
-1.0153916
-1.0014344
-1.0025677
1.0091473
1.0168736
1.0056359
1.0803411
1.0016864
-1.0047425
-1.0268164
1.016467
1.0101937
1.0025263
-1.0081467
-1.0082343
1.0058226
1.0138091
1.0295817
1.1013643
1.0145423
-1.0122256
-1.0301494
-1.0026634
-1.1337857
1.0244633
-0.99749149
1.0446351
1.0165608
-0.99964471
1.015505
1.036316
1.1530427
-1.0394034
-1.0026562
1.0234898
-1.0243323
1.0017201
-1.031424
1.0051911
-1.0039127
1.004714
1.0095762
-1.1321824
1.0025377
1.0186662
-0.99557332
1.0253646
1.0496544
-1.0177584
1.0654094
-1.0067861
1.0154599
0.99739335
-1.0680706
-1.0038546
-1.0016657
1.0000043
-1.0074671
1.0022854
-0.99602171
-1.0007581
-1.0084139
-1.0148599
1.0082829
1.0047916
-1.0871588
1.0091995
-1.0325863
1.002685
-1.0358436
1.0212264
-1.1004175
0.94570627
1.046841
-1.0408193
1.0230197
1.0365358
1.0027822
-1.0619822
1.034246
1.0276304
0.99873624
0.99996095
-1.0207452
-1.0018469
-1.0003738
1.053783
1.0228819
-0.99678492
-0.99864195
1.0144766
-1.0480669
1.006888
1.0062636
1.0047393
0.99967388
1.0155518
-0.99982882
1.0210347
-1.0023309
-1.0070642
1.0056718
-1.001089
-1.0061287
-1.0350064
-1.0031273
-1.0301946
1.0032345
0.99553349
0.99683629
1.0004482
1.0038291
1.0282993
1.0102083
-1.0030522
1.0216802
-1.0324211
-1.0205496
-1.0020508
-1.051382
1.0006181
-1.0763487
-1.0006858
1.0054373
1.0420331
-1.0314696
0.99973531
-1.0001203
-1.0902152
-1.0674562
0.99679303
-1.0462057
0.99873397
1.0249
1.0016946
0.99729819
-1.1079722
1.0438629
1.012659
0.99772738
-1.0184563
1.0201515
-1.0095324
1.0015965
1.021671
-0.99429923
-1.0027686
-1.1479995
1.0081797
0.99420009
1.0351945
-1.0389888
1.0059208
-1.0144181
-1.0474152
-1.0005375
-1.011408
-1.0011686
-1.0004287
1.0289485
1.0172499
-1.0005936
-0.99899872
1.0040202
-1.0168531
0.99653517
-0.9987873
-1.0007418
-1.0043101
-1.005472
1.0139826
-1.0263971
1.0150214
1.0190348
-1.0005465
1.0009641
-0.9982652
1.0023114
1.003869
-1.0144454
0.99842776
1.0003415
1.0017934
-0.9501754
1.0086447
-0.97631318
1.001827
1.007215
-1.0803659
-0.98928978
1.0026773
-1.0151661
1.0134836
-0.99868156
-0.99910927
1.0790302
-1.0126821
1.0007961
-1.0010348
1.0099728
1.003414
-1.0894122
-1.0014064
-1.1142232
0.99671656
-1.00021
-1.0043122
1.0475251
0.9972219
1.0873743
-0.9955483
1.0395466
1.031926
1.0027653
-1.0034734
1.0887898
1.0004628
0.99368731
-0.99998432
1.0014621
1.0011911
1.0696822
1.0054392
1.0060268
1.0045638
1.0184036
1.0135486
1.0147128
-1.0002276
1.0009821
-1.0141463
1.031376
-0.99916964
1.0313689
-1.0190561
1.0005965
1.0116071
1.0181898
-0.9999766
-1.125644
1.0193499
-0.96825122
1.0338082
0.99942625
-1.0765378
-0.99943372
-0.99978852
-1.0455857
-0.997852
-1.0091918
1.0052307
-0.99672061
1.0738045
-1.0443736
-1.0093453
1.0357362
-0.99951902
-1.0007737
-0.99574046
-1.0012203
-0.98896145
-1.0086125
-1.0724727
1.0330179
-1.0800312
0.99932754
-1.067409
-1.047326
-1.002054
1.0021496
1.0933004
-1.1345012
-0.99532999
1.0304634
0.9930111
1.0364257
-1.0046995
0.9643225
1.0288969
-1.0052443
0.99280821
1.0005497
-1.0012176
1.0248123
1.0005659
1.0309589
1.006523
-0.99933696
-0.94925867
-0.99984039
1.0011633
-0.99994144
-0.99862114
-0.98948762
0.99899501
-1.1102609
1.0045526
-0.99872155
1.0229991
1.0009932
-1.0101149
-1.1034386
1.0320375
0.97846821
0.99199965
1.0007416
-1.0139461
1.0029385
1.0074552
0.98105924
-1.0886971
1.004283
1.0171756
1.004758
1.0019827
-1.0037746
1.0158749
1.0096945
-1.051745
1.0845029
0.99368102
-1.002647
1.0005739
-1.0146441
-0.99858044
-1.0282471
-1.0020932
-1.0000093
-0.99489821
-1.0273643
1.1638056
1.0016365
-1.014786
-1.0563802
-0.99886448
1.0405508
1.0613581
-1.0079796
1.0377167
1.0005299
0.99299241
-1.0003574
0.99901309
1.0031145
0.97166965
-0.99380105
0.99879432
1.03693
1.0044942
-1.038666
1.0058927
0.99884048
-1.1039282
-1.0032871
0.99964729
-1.000603
-1.0041597
1.0021622
1.0178381
-0.99883546
1.0004965
1.0015805
0.99915653
-0.99921319
-1.0177252
-1.0647269
1.0238223
-1.0020001
-1.0008504
1.0462384
-0.98282916
-1.0003566
1.0091015
-1.0475035
-1.0196888
0.35552265
-0.99977012
-1.0438313
-1.0022226
1.0007507
1.0064083
1.0281258
-1.0976109
0.99730554
-1.0001751
1.0351736
-1.0722051
-0.99995309
1.0013032
1.1428757
1.0330015
1.0020295
1.0063963
-1.0093873
1.005618
1.022741
-1.0081216
0.99737666
-1.0049468
1.0173042
0.9828239
-0.98032367
1.0039621
1.0068027
1.0048542
1.0310074
1.0310937
1.0203719
-1.0014605
-1.0016315
-1.0951857
1.005492
1.0008445
0.999857
-0.99827805
-1.0004488
-1.0042914
-1.0010989
0.99784084
-1.1217271
1.0320337
1.000713
-1.015931
1.0169264
-1.0070346
0.98877085
-1.0047208
1.0186511
-1.013669
1.0001672
-1.0091047
-1.0008696
-1.0371183
-1.0062414
1.0237676
1.0016303
-1.019784
-1.0121436
1.0265567
-1.0066352
-1.1687882
-1.0196386
-1.0616983
1.008286
-1.0314945
-1.0869624
1.0199971
1.0355946
1.0160638
-0.99127422
-1.0201351
1.0195933
-1.0199215
-1.0228322
1.0023631
0.99857178
1.0022612
-1.0009213
1.0014834
-1.0000724
0.99705127
-1.0431241
-1.0008705
1.0016407
-1.0819847
0.9975141
-1.0030226
1.0346794
1.0248905
-1.0135503
-1.0695522
-1.0003095
-0.99953246
1.0007348
0.99992861
1.0257656
-1.001513
1.0035196
1.0593049
1.022915
1.0018887
1.0523453
-0.99764587
-1.0697011
1.0508229
-1.0050917
1.0142039
-1.0229588
0.99866473
1.03455
-1.0631006
-0.99955981
1.0201241
-1.0134214
-0.99503552
1.0000131
1.0168816
1.0015721
-1.1244479
-1.0001067
1.0110224
1.0095216
-1.0055643
1.0383537
-1.0053685
0.97091952
1.0015198
-1.1699552
-1.0090372
-0.99684976
1.0466551
1.0010387
-1.0272492
1.0034132
1.0017682
-1.0001403
-1.0042834
1.0004522
-1.000556
-1.004587
1.0299314
0.99924326
1.0964864
-1.0092049
1.0371692
-0.99994434
0.98937548
-1.0044417
-1.0812665
0.99915239
-0.99984337
-1.0456812
-1.0722122
1.0100866
1.0320078
1.0069348
1.0004599
-1.0313102
-1.1135742
-1.0034711
-0.88593044
-0.99906847
-1.0006254
-1.0046392
1.008353
-1.0168432
-1.0091421
-1.0012073
-1.0082787
-1.0011894
0.99782903
1.0082798
1.028929
-1.0445602
1.0073473
1.0550948
-0.99920141
-1.0155604
1.0956389
1.0722275
1.0030654
-0.99603258
1.0249404
1.0369928
1.0055118
-1.0362202
0.99897095
-1.0023202
0.99969956
-1.0677628
0.99875074
-1.0198173
1.0040196
0.40864832
1.0019416
-0.99987156
-1.1639697
1.0417492
0.99613849
-1.0009114
-0.99288194
1.0062846
1.0027989
-1.0008342
-1.0261999
1.012367
1.0019286
-1.0064081
1.0059935
-0.99061297
-1.032502
-0.99018098
1.0712503
-1.0039607
-1.0001731
-1.0001886
-0.99929896
-1.0021437
0.99891517
1.1047491
-1.0238379
-1.0007467
-1.0016485
1.0077998
-1.0074869
-1.0645178
1.0009674
1.0067719
1.0022275
1.0020827
1.0115819
0.97836601
-1.0184929
-0.98744689
-1.0658456
-0.99833655
-0.99919395
0.99382296
-1.0230337
0.99940847
-1.006932
0.95809004
-0.9993879
0.99098128
0.9974632
1.0009858
-1.019666
-1.0259081
-1.0041393
-1.0895587
-1.0087257
1.0263246
1.0264384
1.0181594
1.0589358
1.0002348
-1.0010352
1.0200723
-0.99695992
-1.0457781
1.0334278
1.0781396
1.0340658
-1.0161212
-1.0186929
-1.0031051
1.0175228
-1.0337196
1.0347565
1.1723461
-1.00677
1.0415175
1.0088517
0.98282071
1.0086527
-1.0140331
-0.99931848
1.0647522
0.99707519
1.0030909
-0.99626388
-1.0927843
0.99943368
1.0829526
-1.0057489
-0.99960617
-1.0001093
1.0063621
0.99981082
-1.0003258
1.0007496
1.0332101
0.99264816
1.0068313
-1.0790002
1.0044392
0.99836266
-0.99921502
1.0341809
-1.0021836
1.0274172
-1.0186449
-1.0048831
1.0002862
1.0043388
0.99616265
0.96727607
-1.0229314
1.1395585
1.0219323
-1.0253537
1.0087439
1.0043557
0.98565545
-1.0777822
1.001106
1.0026188
1.0003253
-0.90045786
1.0122117
-0.98378652
-1.0224249
-1.0487064
-1.0156059
0.99685124
-1.0208821
0.99895252
-1.0281209
1.0285712
1.0417726
0.99984837
-0.99798331
1.0133721
-1.0901377
1.007897
1.0526538
1.039657
1.0016111
-1.0577947
-1.0119946
-0.99898203
-1.0237144
-1.0475571
-0.98457489
-1.0022307
-1.0512072
-1.0132536
1.0310003
-1.0008014
-1.0146408
1.0075145
-1.0997087
-1.0316771
-1.0470992
1.0334129
0.9948747
1.0063042
1.0002069
-1.1093357
-1.0040102
-1.0005175
0.9989322
1.0462272
-0.99987441
-1.1114309
-1.0001708
1.0015213
-0.99956665
1.0060566
-1.0004246
1.0149959
-1.0272709
-0.9913362
1.0397079
-1.0025041
1.0008067
-1.0728967
-0.99875916
-1.0554092
-0.9997024
0.89621321
-1.0755176
1.0030935
-1.0346192
1.0134452
-1.003477
-1.0034575
-0.99959675
-0.99964402
1.0055429
-1.0133983
-0.99888322
-0.99930037
-1.0626963
1.0072807
1.0127486
-1.0011013
-1.01022
1.0089648
-1.0043402
0.9995819
1.006396
-1.0011885
1.0595261
-1.0123224
-1.0019898
1.0266804
-1.0023345
1.0039887
-1.0001077
1.0024805
-1.0059839
-1.051936
0.9968682
0.99929914
-1.0005736
-1.0249941
-0.99530908
-1.0094631
-0.99958665
1.0029053
-1.0309664
-1.0057719
0.93442974
1.0335278
0.99997317
-1.0004642
-1.133939
1.005592
-1.0861858
1.0325817
1.0077025
1.0001468
0.99344024
1.0218838
-1.0145871
1.0194981
1.2020123
-1.0012956
-1.1326953
0.99913177
-0.99843262
1.0719207
-1.0089342
-0.94450708
0.99875485
1.0052799
1.0590428
0.99873224
0.99593283
1.0285152
-1.1042519
0.99869141
0.92171109
1.0006963
1.0326428
1.0421113
1.0630308
-1.090112
1.0027646
-1.0001374
1.0027056
-1.0912232
-1.0275356
-1.0009445
1.0035236
-0.98140354
-0.9997633
0.99939299
-1.0013842
1.0000647
-0.99834284
1.0326036
1.029885
-1.0034411
1.0224787
-1.0013244
0.97493187
1.0062259
-1.0058699
0.99484912
-0.9953905
1.0011753
1.0046583
-1.0289032
1.001183
-1.0472301
0.9997058
1.0123988
1.048213
1.0001188
-1.0336977
-0.99806316
-1.0040241
-1.0048778
0.99244677
0.99889974
-1.1043339
-0.99933073
0.99666293
1.0014991
1.0218909
0.99972665
-0.99881015
0.99772283
1.003003
-1.0015235
-1.0973502
-1.0023724
1.0750336
1.0062221
-1.0038339
1.0017244
-1.0118549
0.99998842
1.0656311
1.0020329
-1.0122411
-1.0146332
-1.0035938
1.0149903
-1.0765776
-1.0423316
1.0128412
1.003605
0.99379786
1.0354364
1.0010673
-0.86183619
-1.0578502
0.99932051
-1.0138981
0.99713711
0.99918214
-1.0013171
0.974634
-0.99938368
-1.0731964
1.0551904
-1.0010372
1.0046243
-1.0102608
1.0505833
1.0031967
-0.99859995
1.0667399
1.0129192
0.99763282
-1.021549
1.0627823
-1.1327707
-0.99889128
1.1013135
-1.0015257
1.0158721
-1.0157198
1.0132628
-1.0359616
0.99926746
1.003403
-1.0020711
0.99935644
-1.0000272
-1.0851323
1.036954
-1.000783
-1.0099332
1.0293401
0.99411674
-1.0247039
-0.82707455
1.0017896
1.017728
0.99987677
0.99784385
1.0404592
0.99977152
-1.0068333
-1.0015019
-1.0009836
-0.99926682
-1.018824
1.026887
-1.0064572
-1.0039371
-1.0146944
-1.0026049
-1.0429894
-1.0212059
-0.99953719
-1.0131746
-0.99856301
-1.0671661
-1.0455774
-1.0026023
1.0477253
-1.0670884
1.0043753
1.0020744
1.0163479
-1.0026444
1.0021774
1.0018099
1.0256033
0.9998639
1.0002777
1.0027583
1.0004145
0.99932105
-1.0110129
1.0269964
1.0021299
-1.0102944
1.0020267
0.9996817
0.99944098
1.0348659
0.34102528
-1.042991
1.0125964
1.0002336
-0.99610167
-1.0089137
1.0117448
-1.1012362
1.0038285
1.0512246
-1.0821811
-1.0785831
-0.99968159
1.0473897
1.0030632
1.0016122
-1.0013373
0.99418901
1.0030028
-1.0087736
-1.0063169
-1.00198
-1.0034892
-0.99996195
1.0746496
1.0763554
1.0595751
1.0056233
1.0055917
-1.0040968
-0.92572554
1.0756266
1.0264775
-1.0007164
-1.121191
1.0037787
1.0014311
-0.98942489
1.0030338
1.0265414
-1.0007467
-1.0316878
0.99860835
-1.0005038
1.0016253
0.9990476
1.007184
-1.0723347
1.0030948
0.99640932
1.017605
1.0245064
0.99694812
1.0204366
1.0019373
-1.0263161
-1.037191
1.0055451
-1.0008373
1.0351078
0.97866075
-1.0021255
-0.99706243
-0.99949945
1.0478823
-0.99909749
1.0176737
-0.98054281
1.0213617
1.0515468
-1.0003674
0.99806262
-1.1258541
0.99709292
-1.0039318
-1.0112688
1.0018181
-0.99999846
0.98377406
-0.96796748
0.99854692
-1.0619041
1.0002926
1.0100187
0.99945669
-1.0003485
-1.0507828
-1.0038926
0.99901444
1.0249738
1.00714
-1.0002222
-1.0091045
1.0053054
0.99670085
-0.99893845
1.0325949
1.0836115
-1.0202013
-1.0626058
1.005055
-1.0020764
1.0048201
-1.0044393
-1.0681603
1.0266998
-1.0013182
1.0370624
-1.010565
1.03728
-1.0168324
0.99802478
1.006915
-1.0010196
-1.0016446
-0.99830707
1.0089835
0.9990641
1.0723015
1.0001081
1.0238314
0.99943483
-1.0204546
-1.0464125
-0.99881905
1.1092676
1.008596
1.0143894
-0.99951508
1.0016062
-1.0035875
0.98732808
1.0095249
0.99644703
-1.0018357
0.99594283
1.0272238
-1.0021381
1.0018496
-1.0563527
-0.99797925
-0.99429964
1.0066709
-0.92572496
1.0323971
0.97755241
1.0347811
-0.96828563
-1.0362521
-1.0020438
-0.95142082
0.99870205
0.9981224
-1.0004473
-0.99824788
-1.0029421
-0.97280758
1.0006214
1.1050704
1.0028067
1.0404355
-0.99974607
1.0029745
0.9972907
-0.99934747
0.99948928
1.012114
1.0026264
1.0724698
-0.99920993
0.99663013
1.0065348
-1.000127
1.011061
1.0231732
1.0139472
1.0449997
1.003122
1.0876984
1.0197474
0.99921595
0.99993693
0.99559688
-1.0971317
0.98495107
-1.0135547
0.99973805
1.003948
-1.0000158
1.0136204
1.0397823
1.0894831
-1.0504012
-1.0001658
0.98167917
-1.0052682
-1.0373978
-1.0066448
1.0119725
1.0018879
1.0004314
1.011197
1.0033399
0.99884631
1.0022724
1.0039155
-1.0392661
1.0332101
0.99250441
1.0177381
-1.0117462
-0.99929661
0.99876108
-1.0036757
-0.99815811
-0.99982952
-1.00305
-1.0043751
-1.1443692
-1.0023828
1.0133256
-1.1043264
0.99611079
0.99963465
1.0008129
1.0028089
-1.0079267
-0.96862059
1.0338259
-1.0334543
-1.0984534
-1.1062184
1.05501
-1.0185941
-1.0365303
-1.1107672
1.0019083
0.98591935
-0.99958501
-1.020664
0.99667675
1.0484979
-1.0213005
1.0164943
1.0423986
1.0061962
1.0348933
-0.99539173
-1.1089678
1.0145997
1.043269
1.0029899
1.0405022
1.0222465
-1.1007509
-1.0089648
0.99703926
-1.0006679
1.0263988
-1.0042186
1.0407856
-1.0850231
1.0045551
-1.0570675
-1.0333383
-1.012079
0.36891925
-0.99848219
1.0156487
-1.0822853
1.0156101
-0.9998566
-1.0319735
1.010453
-1.0011113
0.99801177
-1.0364378
1.0002291
-1.0152497
-1.0403246
-1.0011658
-1.0002221
-1.0054253
1.0051595
1.0324669
-1.0304328
1.0427342
-1.0257487
0.9995692
-1.0538218
-0.99605225
-0.99496705
1.0189081
1.0570781
-1.0002586
1.0003477
-1.0000354
1.0439286
-1.021095
0.9957671
1.0084701
1.0048868
-1.005702
-1.0314414
0.99808272
1.0558327
-1.0439965
1.0026756
-1.001218
-1.0019136
-1.1106616
-1.0062433
1.0056942
-1.0246859
-1.1124544
1.0044214
1.0006813
-1.1514953
-1.0067809
-0.99016824
-0.99735978
1.0057862
0.99890241
-0.99941019
1.0045189
1.0678014
1.0035856
1.0846122
-1.0000855
1.0004135
-1.071255
-0.99961428
-1.0396249
-1.0024905
1.0061424
-1.0129765
1.0394786
0.99783219
-1.0012109
0.99149284
-1.0072748
-1.0006142
-0.99868892
1.0054931
-0.99890172
-0.9818832
-1.0530829
1.0066243
-0.99925225
0.9997098
1.0198741
1.0005608
-1.1260295
1.0044467
1.0001474
1.0045689
1.0505211
-1.0555033
-1.0880479
1.004039
-1.0010152
0.99826395
1.0018046
0.99499552
1.0324487
1.0000418
1.067709
-0.9934307
-0.99681336
-0.99911752
-1.0018686
-1.0002544
-0.90530792
-1.0250978
1.0028905
1.0580844
1.0268827
1.0024932
1.0823011
-1.0082993
-0.99924562
-1.0013266
-1.0047174
1.0422778
1.0040133
-1.0002611
-0.97893014
1.0111695
-1.0069918
-0.99993355
1.0025171
-0.921176
1.0006816
1.0507357
1.0033332
1.0071459
1.0010492
-1.0036408
0.99795779
-0.99985446
1.0696528
-0.99534642
-1.0045023
1.0035675
-0.8897865
1.0331976
1.0398632
1.0187703
-1.1133447
1.0020192
0.99655287
-1.0013967
0.9987499
1.005401
0.99735435
-1.0004997
-0.99637856
-1.0473198
-1.017661
0.9996809
-1.0839916
1.050652
-1.0249355
0.91175281
-1.1317292
-1.0105043
-1.0144597
-1.0179692
-0.99557452
0.99859699
-1.0015632
-0.99998047
-0.96123509
1.0171917
1.0004605
-1.0058393
1.0007123
-1.0098053
1.0506566
-1.0046838
-1.0002623
1.0140482
-1.1144855
0.99922239
-1.0035191
-1.0002528
-1.0216635
1.0146496
1.0023394
-1.0892513
-1.0700282
0.99928257
0.99889377
1.003071
-0.99885553
-1.0877669
-1.0814504
1.053639
1.0227374
1.0181747
1.1287884
-1.003595
1.0266984
1.0542095
1.0145686
0.99956782
1.0274963
-1.0155053
-1.0082836
-1.1041765
0.99621018
0.99744897
-1.0096947
-1.0168003
1.0005023
1.0515698
1.0322452
1.0553514
-1.0386235
1.0595874
-1.0374802
1.0676046
-0.99773059
-1.0010612
1.0551613
1.002058
1.0171657
1.0589401
-1.0820535
1.0599213
-1.0419614
-0.99955546
-0.99571256
-1.0333101
-0.99602624
-1.0916249
1.0009068
-1.0370683
0.99417334
-1.1043576
-1.0003011
-1.0154641
1.0013474
-1.0905271
0.99811706
1.0071065
-0.99917567
-1.0003703
-1.0039825
1.0034723
1.0633225
-0.99738312
-1.0552126
1.005548
1.0383122
1.0100383
0.99942941
1.0130979
-0.99914031
1.0014165
-1.0013193
1.0138466
0.99972713
-0.98644244
-1.0003313
1.0003279
1.0349214
-1.0075666
0.99894893
-1.0234285
-1.0782509
-0.98146213
-1.0129095
-1.0587064
-1.1748936
-1.0027985
-1.0896043
-1.000336
-1.0218423
-1.009394
1.004033
-1.0371165
-1.0011893
-1.0012363
1.0260133
-1.0050765
1.072162
-1.0744358
1.0007764
1.032533
-1.0098933
1.0061331
1.0149154
1.0481468
-1.0605752
0.99886376
1.0074406
1.0002854
1.0008649
-1.0009381
-1.0037484
1.0150475
0.99872636
-1.0040916
-0.99695028
1.0003675
-1.0459179
1.0043929
1.0016741
0.99962569
-1.0002935
-0.99909122
-1.1052426
-0.99748851
-1.009723
1.0016526
1.0005229
1.0135105
-1.016972
1.0011424
-0.99846759
1.0002172
-1.0045545
1.0012881
-1.0631923
-1.0004973
1.0359699
1.0019125
0.98143192
0.99711239
1.0014451
0.99121911
1.0038004
-1.0036151
1.0006068
-0.99949503
0.99922868
-0.99867662
1.0848007
1.010715
1.0006453
-0.97195194
0.99589381
-0.99967867
-0.9993116
1.0029048
0.99660032
0.99979084
-1.0386427
-1.00036
-1.0570373
1.0203604
-1.0243117
1.0005358
-1.0000346
-1.0035671
1.0044897
-0.99716893
1.0127213
-0.99966324
-1.0576268
0.31260618
1.0407151
1.002037
0.9997887
-1.0251022
1.0044783
1.1026976
0.99407375
-1.0010085
-1.0011976
1.0000783
1.0348138
-1.0680911
-1.0548557
-1.0027374
0.97987421
1.0841637
1.0150531
1.0126686
1.0064821
-0.99919017
-1.0241805
1.0316335
-1.1171086
-1.0011263
1.0029975
1.0224644
1.0815217
0.99835213
1.0282314
-0.99997206
1.0033228
1.0186444
-0.99941679
-1.0004857
0.99540018
-1.0048736
-1.1485317
1.0382774
1.0021318
1.0585827
1.001261
-1.0742199
1.0025992
-1.0539403
-1.0053721
-1.0368521
0.99897755
1.0613944
-1.0024772
1.0241787
1.0025764
-1.0001302
1.0376914
0.99991234
1.0065481
-1.0024151
-1.0026065
-0.99972013
0.99981872
1.0206246
1.0141214
1.0066322
-1.0000056
1.0012474
-0.94647643
1.0313238
-0.99860471
-0.99992552
-1.00399
-1.0390241
-1.01288
1.0007844
1.0151595
-0.93773139
-0.99344494
1.001002
-0.99980163
1.017795
-1.0086929
1.0230932
1.0197271
1.0048813
-1.0594387
-1.0096557
1.0407892
0.99133518
-1.1142295
-1.0065396
-1.0009399
1.0144469
-1.0183521
-1.0146957
1.0440672
-0.99287108
1.0369407
-0.99957222
1.0024108
-1.0083358
1.0039071
1.0304832
0.9988875
-1.145221
-1.0586917
-1.0951378
-0.9945678
1.0035769
-1.0413589
0.99976634
1.0023899
1.0365266
1.0174389
-1.0106314
1.0031301
1.0157586
1.1458527
1.0096558
-1.0785341
1.0179348
-0.99417414
-1.005821
-1.0496664
1.0321848
1.0091555
-1.0006692
-0.99943371
0.99499866
-1.0073121
1.0462472
1.0023335
-1.0210651
1.0205214
-1.0586188
1.0012742
1.0350248
-1.0053783
1.0559566
1.0331728
-1.0200937
-1.0005053
1.0044619
-1.0006862
-0.99938498
-1.0134708
1.0306268
-1.0596602
-0.99886018
-1.0027154
1.0012273
-1.0004868
1.0576893
1.0043196
1.0080983
-0.99974459
-1.0034503
-1.0180003
1.0014405
-1.0000544
-1.007448
1.0008981
1.0326473
1.0143287
0.99794832
-1.0216891
1.0043087
1.0031377
1.0116652
1.0087315
-0.99973359
-0.99962421
-1.0109497
1.0050023
1.0324943
1.0038259
-1.0018898
1.0336894
1.0223619
0.9997457
0.99292556
1.001066
1.0460366
1.0013361
1.0391449
-1.0009538
-1.0032164
1.0462897
1.0382417
-1.02983
1.0130163
-1.0192876
1.0346471
1.0385435
1.0134757
-1.0090177
-1.0090468
0.99812943
1.0048594
1.0268947
1.0028912
1.0018002
1.0073719
-1.0789701
-1.0080477
1.0721071
0.96184887
-1.0004733
-1.0005426
1.005864
0.99977916
1.0002601
1.0160601
-0.99318533
1.0012635
-0.99976912
1.0070484
1.0183741
0.99750393
1.0519659
0.97167559
-0.9108453
1.0018934
0.99612756
-1.0907943
1.038031
1.0033457
1.040648
1.0729053
-1.0048241
-0.96277293
1.0096301
1.0078738
1.0184676
1.0000512
1.0035666
1.0383316
-1.0798348
-1.0282596
1.0154887
-1.0009814
1.0284904
0.99841618
-0.99304937
-1.0083165
0.99948028
-1.0007241
1.0003848
1.0075748
1.0044256
-0.99650949
1.0178984
-0.9960872
1.0000599
-1.1011356
-1.0143039
0.99899049
-1.0005736
1.0059248
1.020461
-1.0565918
-1.0021229
-1.003567
1.0484139
-0.9945718
1.004123
0.99488683
1.0286781
-0.94194463
1.0040226
1.0069549
-1.0026035
1.0002254
1.0268023
0.99058913
1.0270696
1.0016456
-1.0077937
1.0303019
1.0094265
1.0423319
-1.0073577
-1.0186803
-1.0076575
1.0010234
-1.0135943
1.0139627
-1.0913654
0.9973621
1.0008696
-1.0617014
-1.0041114
1.0036159
1.0009464
-1.0037987
1.000662
-0.99689213
1.0064378
1.0134792
0.99595421
1.0453402
1.0082475
1.0787251
-1.0171104
0.95724899
1.0650029
-1.0905229
1.0024536
-0.99799195
1.0002586
1.0221918
0.99770136
-0.9950374
-1.0232001
0.99864019
-0.95503598
-1.1349067
-1.0041509
-1.0118007
1.0026706
-0.99813724
-1.005086
1.0789614
-1.0904298
-0.99978152
1.001648
-1.0141886
-1.0747116
-1.0142169
0.99759371
0.99858596
-0.97910405
1.0065091
-0.99930825
1.0008922
1.0687935
1.0105052
1.0059919
-0.99950003
1.0243726
1.019895
1.0047735
-1.0186324
1.0287737
1.0058905
-0.99857414
-0.99902265
-0.99905792
0.99988494
1.0306562
0.9979484
-1.0100992
1.0020325
-1.0017378
-0.99982058
1.0125558
1.0030808
-1.0210004
1.0272158
1.0152467
-1.0088546
-1.0017615
-0.99697341
1.0008325
-1.0821766
-1.0006572
0.99711004
1.0336977
1.0083912
-1.0101156
1.0160741
1.0044694
-1.0046816
1.0031785
-1.0674556
-1.0018469
1.0069994
-1.0152345
0.9956028
-1.0202512
0.91039409
1.0800565
-1.0277887
0.99974714
0.99962612
-1.0028717
1.0040122
1.0030824
0.99941077
0.30956711
0.99425639
-0.98184316
1.0665106
-0.98795279
-1.0010671
-1.0000004
1.0533252
1.019403
-0.99946563
1.0081909
0.99773378
-1.0281475
-1.1414802
1.103283
1.0270913
-0.9994154
-1.0000613
1.0286276
-0.99985412
-0.99962889
1.0000309
1.0281703
1.0162484
-1.0475021
-1.0187975
-1.0044059
-1.0281804
-1.0853031
1.0022025
-1.1643127
-1.0256184
-1.0177315
1.0331401
1.0001409
-1.0059861
1.0047297
1.0035537
0.99450253
1.0755208
1.0034834
1.0015508
-0.99178984
1.001061
-1.003056
0.99927142
1.0186377
1.0033895
-0.99211773
0.99901928
-1.0095983
-1.0417717
0.9998267
0.99283748
1.0085897
1.0021406
-0.9977391
-1.1055279
1.0041858
-1.00751
1.0489849
0.99865296
1.0330794
-1.0058718
-1.0018414
1.0018216
1.0034342
-1.0359848
-1.004413
-1.0042643
1.0000424
0.99539996
-0.99409628
-1.0284402
1.0760836
1.0124234
0.97516998
1.0062098
1.0117947
-1.0553284
-0.99846202
1.0110298
-1.0443908
-1.0477825
0.99820351
0.99889295
1.0145296
-1.0000515
-0.99966591
0.99760978
-1.0748884
-1.0150031
0.98430717
1.0069842
0.99413468
0.99786817
-0.99171556
-1.003503
-1.0166291
-0.99828659
-1.0042228
1.0460983
-1.0030802
1.008676
-0.99833691
-0.8451303
0.99718761
1.0059845
1.1456669
-0.99506721
1.1089466
1.0236304
-1.0022218
1.0226592
1.0013981
-1.0237882
-1.0045154
1.0111918
1.0178835
-1.0008904
-0.99985212
1.0009309
1.0159446
-1.0082914
-0.99830966
-1.0028547
1.0526708
-1.0082026
-0.9986607
1.0172188
1.0077533
-0.98757598
0.99322519
1.0186403
-0.99994774
1.0117317
-1.0005002
-1.0004369
-0.96287693
-1.0007989
-1.0843495
1.0169359
-1.0013867
-0.99970286
-0.98876041
-0.95517468
-1.0588124
-0.99726831
-0.99957883
1.0037736
1.0551106
0.98187242
-1.015375
1.1239708
1.0126037
1.0173183
-1.0621737
1.0007187
1.0231665
1.0022742
1.0433312
-1.0073802
-1.0041923
0.99560851
-1.0000838
-1.0061235
0.99927654
1.0261325
1.0021016
1.0064035
-1.0164772
1.081373
1.0265919
1.0110494
1.0036741
-1.0043955
-1.0046961
1.0198625
-0.996892
0.96883841
-1.0021096
1.0493427
1.0017438
1.0017304
-1.0491945
-1.0005913
-1.0790552
1.0053155
1.0223602
1.0704554
-1.0021898
0.99289214
-1.0007868
0.9879318
1.046388
-1.0052491
1.0323753
1.0013249
0.996061
1.0024075
-0.99955508
0.99986339
-1.0100065
-1.0032344
-1.0109927
-1.0003134
-1.099811
0.99394607
-1.0009951
0.99963876
-1.0066209
-0.98588821
-1.0691905
0.98934521
-1.012395
-1.1141555
0.99813611
-1.0184656
0.99776654
-1.0088425
1.0018645
-1.0077502
1.0009641
-1.0107904
-1.0012325
-1.0687222
1.0033245
1.0384704
-1.0514846
0.9976811
-1.0004508
-1.0470005
-0.99999624
1.0062103
-0.99974229
-1.0136321
-1.0061628
0.99969279
1.0118508
1.0484802
-1.0036863
1.0543269
-1.0409139
-1.0125041
-0.9996079
-1.0084349
1.0003316
-1.0053238
0.99830977
1.0065529
-1.0014681
1.0059574
-1.0192481
-1.0288631
1.0161626
1.0015816
-1.0734517
1.0034935
1.0038177
1.0432471
1.035372
0.95940451
0.99674937
-1.001413
-0.99929132
1.0386236
-1.024467
-0.97106554
1.0051025
1.001964
1.0021266
-1.0003266
-1.1356962
-1.0298582
1.0044369
1.0045358
0.99888906
-1.0112559
-1.0017244
-1.0002401
-1.015597
-0.87614803
0.98620301
-1.0203051
1.0708194
-1.0070477
1.0027405
1.0022077
1.023347
-1.0380397
0.98003324
1.0472732
-0.99907938
0.99765814
0.99379571
-1.1002178
1.0081245
-1.0135305
-0.99167357
-1.0025618
0.99997894
1.0045636
-1.0006747
-1.0190249
-1.0676197
-1.1079818
-1.0192696
-1.0072895
-1.0187505
-1.0772178
-0.99474291
1.0362278
-0.99061396
-1.0040237
-0.99950308
-1.0020335
1.004012
1.0391881
-0.99980297
-1.0032824
-1.1350388
1.0447723
-1.0364717
-1.0113566
1.0025329
-1.0631978
-1.0488687
0.99845245
1.0111015
0.99906354
1.0054686
1.0392631
-1.0221637
1.0250231
1.0009987
0.99725814
-1.0023195
-1.0179621
-1.0059225
-1.014885
-1.0005873
-0.99982112
-1.0042399
-1.027549
1.0116944
1.0000854
-1.0140517
-1.0002969
1.0009687
-0.99806861
-1.0121772
1.0054359
-1.0059355
1.0042622
-0.99839329
-1.0009922
-1.0029919
1.0309318
1.0019124
1.0385271
1.0028
1.0085843
-0.92517201
-1.0165251
1.005378
1.0169031
1.0062052
0.99896055
-0.99711382
-1.0014064
1.0111273
-1.0019232
1.0225183
1.1482592
1.0233156
-1.0056471
0.99786572
-1.0009753
-1.0214663
1.0451298
1.0555316
0.99885736
0.99677492
-0.999455
-1.0003743
1.001925
-1.0007811
-1.002076
0.99971969
1.0002186
1.0009428
-1.0753362
-0.96034664
0.99925105
1.0229168
1.0032153
-1.0006621
-1.0000818
1.0014693
0.99542466
-0.97395207
-1.0010739
-0.99915544
-1.0095053
1.0019475
-1.0416145
1.0839493
-0.98959583
-0.99833554
-1.0040965
-1.0290349
1.0362285
-1.0080316
0.98360635
1.0112644
-1.0637235
-1.0193432
-1.0695884
1.0623206
1.0813937
0.99784199
-1.0552656
1.005295
-1.000833
0.99865117
-1.0105078
1.0029646
-1.0367804
-1.0167938
1.0026061
1.0473507
-1.0144575
-0.98749865
1.0022649
-1.1287305
-1.0667315
-0.99874376
-1.0369383
1.003143
1.0191372
-1.00026
-1.0486983
-1.0394488
-0.81550142
1.0037258
-1.0017096
-1.0846739
1.0005372
-1.013229
-0.96506495
-0.99864006
1.0191754
-0.99790573
-1.1733873
-0.99817439
0.99729263
-1.0993877
-1.0038159
-1.0024755
1.002684
-0.99955423
1.0353254
1.0258411
-0.99624316
-0.99389471
0.99936717
0.9910551
1.0391793
1.0046792
-0.99945442
-0.99981899
1.0012371
1.0340812
-1.0972889
1.0721836
-1.0481719
1.0170579
-1.14838
-1.0025751
-1.0011978
-1.0069407
-1.0461468
-1.1132451
1.0864279
1.0939734
-1.0005815
1.0133081
-1.0053325
-1.0136785
-0.99986977
0.99959381
1.0043552
-1.0090505
-0.99964963
0.99861299
0.99931071
-1.0180059
1.0323557
1.0050639
-1.019917
1.0079735
0.96177315
-1.0867004
1.0512262
-1.0000703
1.0030528
1.0106485
1.0060213
-1.034333
1.0329467
1.0456043
1.0018818
